{"group":3,"level":"info","message":"choose the group","timestamp":"2015-06-25T14:27:16.578Z"}
{"group":3,"level":"info","message":"choose the group","timestamp":"2015-06-25T14:31:10.301Z"}
{"group":1,"level":"info","message":"choose the group","timestamp":"2015-06-25T14:36:55.420Z"}
{"location":1,"player":1,"group":1,"aguflag":false,"level":"info","message":"choose the location","timestamp":"2015-06-25T14:37:00.089Z"}
{"id":"note_1_1_1_1","content":"q","location":1,"player":1,"notes":1,"level":"info","message":"add note","timestamp":"2015-06-25T14:37:02.460Z"}
{"id":"note_1_1_1_1","location":1,"player":1,"notes":0,"level":"info","message":"delete note","timestamp":"2015-06-25T14:38:41.029Z"}
{"location":1,"player":1,"group":1,"aguflag":false,"level":"info","message":"choose the location","timestamp":"2015-06-25T14:38:42.847Z"}
{"location":1,"player":1,"group":1,"aguflag":false,"level":"info","message":"choose the location","timestamp":"2015-06-25T14:38:50.654Z"}
{"group":1,"level":"info","message":"choose the group","timestamp":"2015-06-25T14:40:06.821Z"}
{"location":1,"player":1,"group":1,"aguflag":false,"level":"info","message":"choose the location","timestamp":"2015-06-25T14:40:11.538Z"}
{"id":"note_1_1_1_1","content":"r","location":1,"player":1,"notes":1,"level":"info","message":"add note","timestamp":"2015-06-25T14:40:15.013Z"}
{"group":3,"level":"info","message":"choose the group","timestamp":"2015-06-25T14:42:28.144Z"}
{"location":6,"player":1,"group":3,"aguflag":false,"level":"info","message":"choose the location","timestamp":"2015-06-25T14:50:36.825Z"}
{"location":6,"player":1,"group":3,"aguflag":false,"level":"info","message":"choose the location","timestamp":"2015-06-25T14:51:02.005Z"}
{"location":6,"player":1,"group":3,"aguflag":false,"level":"info","message":"choose the location","timestamp":"2015-06-25T14:51:03.931Z"}
{"location":6,"player":1,"group":3,"aguflag":false,"level":"info","message":"choose the location","timestamp":"2015-06-25T14:51:04.198Z"}
{"location":4,"player":1,"group":3,"aguflag":false,"level":"info","message":"choose the location","timestamp":"2015-06-25T14:55:42.157Z"}
{"group":3,"level":"info","message":"choose the group","timestamp":"2015-06-25T14:55:49.590Z"}
{"location":6,"player":1,"group":3,"aguflag":false,"level":"info","message":"choose the location","timestamp":"2015-06-25T14:55:52.626Z"}
{"location":6,"player":2,"group":3,"aguflag":false,"level":"info","message":"choose the location","timestamp":"2015-06-25T14:56:10.135Z"}
{"location":6,"player":3,"group":3,"aguflag":false,"level":"info","message":"choose the location","timestamp":"2015-06-25T14:56:10.775Z"}
{"location":8,"player":3,"group":3,"aguflag":false,"level":"info","message":"choose the location","timestamp":"2015-06-25T15:01:06.137Z"}
{"group":3,"level":"info","message":"choose the group","timestamp":"2015-06-25T15:02:35.325Z"}
{"location":7,"player":1,"group":3,"aguflag":false,"level":"info","message":"choose the location","timestamp":"2015-06-25T15:02:43.233Z"}
{"location":7,"player":2,"group":3,"aguflag":false,"level":"info","message":"choose the location","timestamp":"2015-06-25T15:02:47.878Z"}
{"location":7,"player":3,"group":3,"aguflag":false,"level":"info","message":"choose the location","timestamp":"2015-06-25T15:02:48.553Z"}
{"id":"note_3_7_3_1","content":"Temperature is too low","location":7,"player":3,"notes":1,"level":"info","message":"add note","timestamp":"2015-06-25T15:03:45.354Z"}
{"id":"note_3_7_2_1","content":"Low temperture","location":7,"player":2,"notes":1,"level":"info","message":"add note","timestamp":"2015-06-25T15:03:56.654Z"}
{"id":"note_3_7_1_1","content":"The wind is not strong","location":7,"player":1,"notes":1,"level":"info","message":"add note","timestamp":"2015-06-25T15:03:56.960Z"}
{"location":7,"group":3,"player":1,"value":"3","level":"info","message":"vote for location","timestamp":"2015-06-25T15:04:04.947Z"}
{"id":"note_3_7_3_2","content":"More pollution","location":7,"player":3,"notes":2,"level":"info","message":"add note","timestamp":"2015-06-25T15:04:10.296Z"}
{"location":6,"player":1,"group":3,"aguflag":false,"level":"info","message":"choose the location","timestamp":"2015-06-25T15:04:11.889Z"}
{"id":"note_3_7_2_2","content":"Too high N","location":7,"player":2,"notes":2,"level":"info","message":"add note","timestamp":"2015-06-25T15:04:32.566Z"}
{"location":5,"player":1,"group":3,"aguflag":false,"level":"info","message":"choose the location","timestamp":"2015-06-25T15:04:55.537Z"}
{"id":"note_3_7_3_3","content":"No wind","location":7,"player":3,"notes":3,"level":"info","message":"add note","timestamp":"2015-06-25T15:04:55.960Z"}
{"location":8,"player":1,"group":3,"aguflag":false,"level":"info","message":"choose the location","timestamp":"2015-06-25T15:05:05.640Z"}
{"location":8,"player":3,"group":3,"aguflag":false,"level":"info","message":"choose the location","timestamp":"2015-06-25T15:05:09.746Z"}
{"id":"note_3_7_2_3","content":"Not too good sunshine","location":7,"player":2,"notes":3,"level":"info","message":"add note","timestamp":"2015-06-25T15:05:15.782Z"}
{"location":8,"player":2,"group":3,"aguflag":false,"level":"info","message":"choose the location","timestamp":"2015-06-25T15:05:25.828Z"}
{"id":"note_3_8_3_1","content":"Enough sunsine","location":8,"player":3,"notes":4,"level":"info","message":"add note","timestamp":"2015-06-25T15:05:48.705Z"}
{"id":"note_3_8_3_2","content":"Lower pollution","location":8,"player":3,"notes":5,"level":"info","message":"add note","timestamp":"2015-06-25T15:06:02.315Z"}
{"id":"note_3_8_2_1","content":"Well live conditions","location":8,"player":2,"notes":4,"level":"info","message":"add note","timestamp":"2015-06-25T15:06:04.333Z"}
{"id":"note_3_8_2_2","content":"Well sunshine","location":8,"player":2,"notes":5,"level":"info","message":"add note","timestamp":"2015-06-25T15:06:19.001Z"}
{"location":8,"player":3,"group":3,"aguflag":false,"level":"info","message":"choose the location","timestamp":"2015-06-25T15:06:27.182Z"}
{"location":8,"group":3,"player":2,"value":"4","level":"info","message":"vote for location","timestamp":"2015-06-25T15:06:33.089Z"}
{"location":8,"player":3,"group":3,"aguflag":false,"level":"info","message":"choose the location","timestamp":"2015-06-25T15:06:36.345Z"}
{"location":8,"player":3,"group":3,"aguflag":false,"level":"info","message":"choose the location","timestamp":"2015-06-25T15:06:37.135Z"}
{"location":8,"player":2,"group":3,"aguflag":false,"level":"info","message":"choose the location","timestamp":"2015-06-25T15:06:47.997Z"}
{"location":8,"player":2,"group":3,"aguflag":false,"level":"info","message":"choose the location","timestamp":"2015-06-25T15:06:50.034Z"}
{"id":"note_3_8_1_1","content":"The light could be used","location":8,"player":1,"notes":2,"level":"info","message":"add note","timestamp":"2015-06-25T15:06:52.749Z"}
{"location":8,"player":2,"group":3,"aguflag":false,"level":"info","message":"choose the location","timestamp":"2015-06-25T15:06:54.972Z"}
{"location":5,"player":2,"group":3,"aguflag":false,"level":"info","message":"choose the location","timestamp":"2015-06-25T15:07:14.333Z"}
{"location":8,"group":3,"player":1,"value":"4","level":"info","message":"vote for location","timestamp":"2015-06-25T15:07:17.770Z"}
{"location":8,"player":1,"group":3,"aguflag":false,"level":"info","message":"choose the location","timestamp":"2015-06-25T15:07:32.154Z"}
{"location":5,"player":1,"group":3,"aguflag":false,"level":"info","message":"choose the location","timestamp":"2015-06-25T15:07:35.625Z"}
{"id":"note_3_8_3_3","content":"Better live condition","location":8,"player":3,"notes":6,"level":"info","message":"add note","timestamp":"2015-06-25T15:07:39.187Z"}
{"location":6,"player":1,"group":3,"aguflag":false,"level":"info","message":"choose the location","timestamp":"2015-06-25T15:07:50.199Z"}
{"location":8,"player":3,"group":3,"aguflag":false,"level":"info","message":"choose the location","timestamp":"2015-06-25T15:07:53.720Z"}
{"location":8,"player":3,"group":3,"aguflag":false,"level":"info","message":"choose the location","timestamp":"2015-06-25T15:07:55.941Z"}
{"location":8,"player":3,"group":3,"aguflag":false,"level":"info","message":"choose the location","timestamp":"2015-06-25T15:07:56.721Z"}
{"location":6,"player":1,"group":3,"aguflag":false,"level":"info","message":"choose the location","timestamp":"2015-06-25T15:08:00.552Z"}
{"location":8,"group":3,"player":3,"value":"0","level":"info","message":"vote for location","timestamp":"2015-06-25T15:08:08.827Z"}
{"location":7,"player":1,"group":3,"aguflag":false,"level":"info","message":"choose the location","timestamp":"2015-06-25T15:08:12.536Z"}
{"location":7,"player":3,"group":3,"aguflag":false,"level":"info","message":"choose the location","timestamp":"2015-06-25T15:08:19.158Z"}
{"location":7,"player":3,"group":3,"aguflag":false,"level":"info","message":"choose the location","timestamp":"2015-06-25T15:08:21.690Z"}
{"location":7,"player":3,"group":3,"aguflag":false,"level":"info","message":"choose the location","timestamp":"2015-06-25T15:08:29.934Z"}
{"location":7,"group":3,"player":3,"value":"0","level":"info","message":"vote for location","timestamp":"2015-06-25T15:08:35.456Z"}
{"location":8,"player":3,"group":3,"aguflag":false,"level":"info","message":"choose the location","timestamp":"2015-06-25T15:08:44.658Z"}
{"id":"note_3_5_2_1","content":"Not well Temperature ","location":5,"player":2,"notes":6,"level":"info","message":"add note","timestamp":"2015-06-25T15:08:58.374Z"}
{"location":7,"player":1,"group":3,"aguflag":false,"level":"info","message":"choose the location","timestamp":"2015-06-25T15:09:09.785Z"}
{"location":7,"player":1,"group":3,"aguflag":false,"level":"info","message":"choose the location","timestamp":"2015-06-25T15:09:11.451Z"}
{"location":5,"player":1,"group":3,"aguflag":false,"level":"info","message":"choose the location","timestamp":"2015-06-25T15:09:16.366Z"}
{"id":"note_3_5_2_2","content":"Bad energy condition","location":5,"player":2,"notes":7,"level":"info","message":"add note","timestamp":"2015-06-25T15:09:24.487Z"}
{"location":5,"player":3,"group":3,"aguflag":false,"level":"info","message":"choose the location","timestamp":"2015-06-25T15:09:24.502Z"}
{"location":5,"group":3,"player":1,"value":"3","level":"info","message":"vote for location","timestamp":"2015-06-25T15:09:24.821Z"}
{"location":6,"player":1,"group":3,"aguflag":false,"level":"info","message":"choose the location","timestamp":"2015-06-25T15:09:33.147Z"}
{"location":5,"group":3,"player":2,"value":"3","level":"info","message":"vote for location","timestamp":"2015-06-25T15:09:33.732Z"}
{"location":7,"player":3,"group":3,"aguflag":false,"level":"info","message":"choose the location","timestamp":"2015-06-25T15:09:37.374Z"}
{"location":7,"player":1,"group":3,"aguflag":false,"level":"info","message":"choose the location","timestamp":"2015-06-25T15:09:38.786Z"}
{"location":8,"player":1,"group":3,"aguflag":false,"level":"info","message":"choose the location","timestamp":"2015-06-25T15:09:42.209Z"}
{"location":8,"player":3,"group":3,"aguflag":false,"level":"info","message":"choose the location","timestamp":"2015-06-25T15:09:44.535Z"}
{"location":8,"player":2,"group":3,"aguflag":false,"level":"info","message":"choose the location","timestamp":"2015-06-25T15:09:50.931Z"}
{"location":8,"player":3,"group":3,"aguflag":false,"level":"info","message":"choose the location","timestamp":"2015-06-25T15:10:00.755Z"}
{"location":8,"player":2,"group":3,"aguflag":false,"level":"info","message":"choose the location","timestamp":"2015-06-25T15:10:02.676Z"}
{"location":7,"player":2,"group":3,"aguflag":false,"level":"info","message":"choose the location","timestamp":"2015-06-25T15:10:14.200Z"}
{"location":7,"player":3,"group":3,"aguflag":false,"level":"info","message":"choose the location","timestamp":"2015-06-25T15:10:16.307Z"}
{"location":7,"group":3,"player":2,"value":"2","level":"info","message":"vote for location","timestamp":"2015-06-25T15:10:25.196Z"}
{"location":6,"player":1,"group":3,"aguflag":false,"level":"info","message":"choose the location","timestamp":"2015-06-25T15:10:26.519Z"}
{"location":6,"player":2,"group":3,"aguflag":false,"level":"info","message":"choose the location","timestamp":"2015-06-25T15:10:28.767Z"}
{"location":6,"player":3,"group":3,"aguflag":false,"level":"info","message":"choose the location","timestamp":"2015-06-25T15:10:31.534Z"}
{"id":"note_3_6_1_1","content":"The wind is strong","location":6,"player":1,"notes":3,"level":"info","message":"add note","timestamp":"2015-06-25T15:10:51.690Z"}
{"location":6,"group":3,"player":1,"value":"2","level":"info","message":"vote for location","timestamp":"2015-06-25T15:11:01.845Z"}
{"location":8,"player":1,"group":3,"aguflag":false,"level":"info","message":"choose the location","timestamp":"2015-06-25T15:11:10.715Z"}
{"id":"note_3_6_2_1","content":"Bad energy  conditions","location":6,"player":2,"notes":8,"level":"info","message":"add note","timestamp":"2015-06-25T15:11:14.840Z"}
{"location":6,"group":3,"player":2,"value":"3","level":"info","message":"vote for location","timestamp":"2015-06-25T15:11:17.408Z"}
{"location":7,"player":1,"group":3,"aguflag":false,"level":"info","message":"choose the location","timestamp":"2015-06-25T15:11:18.098Z"}
{"location":5,"player":1,"group":3,"aguflag":false,"level":"info","message":"choose the location","timestamp":"2015-06-25T15:11:25.421Z"}
{"id":"note_3_6_3_1","content":"Appropriate temprature","location":6,"player":3,"notes":1,"level":"info","message":"add note","timestamp":"2015-06-25T15:11:25.496Z"}
{"id":"note_3_5_1_1","content":"The temperature is ok","location":5,"player":1,"notes":4,"level":"info","message":"add note","timestamp":"2015-06-25T15:12:08.738Z"}
{"id":"note_3_6_2_2","content":"Living T not well","location":6,"player":2,"notes":9,"level":"info","message":"add note","timestamp":"2015-06-25T15:12:08.761Z"}
{"id":"note_3_6_3_2","content":"Wind is stronger","location":6,"player":3,"notes":2,"level":"info","message":"add note","timestamp":"2015-06-25T15:12:09.607Z"}
{"id":"note_3_6_3_3","content":"No enough sunshine","location":6,"player":3,"notes":3,"level":"info","message":"add note","timestamp":"2015-06-25T15:12:20.046Z"}
{"location":5,"player":2,"group":3,"aguflag":false,"level":"info","message":"choose the location","timestamp":"2015-06-25T15:12:30.515Z"}
{"id":"note_3_6_3_4","content":"Lower polloution","location":6,"player":3,"notes":4,"level":"info","message":"add note","timestamp":"2015-06-25T15:12:34.385Z"}
{"location":6,"group":3,"player":3,"value":"3","level":"info","message":"vote for location","timestamp":"2015-06-25T15:12:39.352Z"}
{"location":5,"player":3,"group":3,"aguflag":false,"level":"info","message":"choose the location","timestamp":"2015-06-25T15:12:48.151Z"}
{"location":5,"player":3,"group":3,"aguflag":false,"level":"info","message":"choose the location","timestamp":"2015-06-25T15:12:50.157Z"}
{"location":5,"player":3,"group":3,"aguflag":false,"level":"info","message":"choose the location","timestamp":"2015-06-25T15:12:50.968Z"}
{"location":6,"player":2,"group":3,"aguflag":false,"level":"info","message":"choose the location","timestamp":"2015-06-25T15:13:26.152Z"}
{"id":"note_3_5_3_1","content":"Bad sunshine","location":5,"player":3,"notes":5,"level":"info","message":"add note","timestamp":"2015-06-25T15:13:34.812Z"}
{"id":"note_3_5_3_2","content":"Stonger wind","location":5,"player":3,"notes":6,"level":"info","message":"add note","timestamp":"2015-06-25T15:13:57.481Z"}
{"id":"note_3_5_1_2","content":"The light is ok","location":5,"player":1,"notes":5,"level":"info","message":"add note","timestamp":"2015-06-25T15:14:04.509Z"}
{"location":5,"group":3,"player":3,"value":"3","level":"info","message":"vote for location","timestamp":"2015-06-25T15:14:18.060Z"}
{"location":8,"level":"info","message":"confirm the location","timestamp":"2015-06-25T15:15:32.902Z"}
{"location":8,"player":1,"group":3,"level":"info","message":"choose the location","timestamp":"2015-06-25T15:15:32.911Z"}
{"location":8,"player":2,"group":3,"level":"info","message":"choose the location","timestamp":"2015-06-25T15:15:32.913Z"}
{"location":8,"player":3,"group":3,"level":"info","message":"choose the location","timestamp":"2015-06-25T15:15:32.917Z"}
{"id":"agu_3_8_1_1","content":"The soil is clear. The wind is not strong. But the light could be used as an energy resouce. The temperature is suitable for ants","location":8,"player":1,"level":"info","message":"add arguments","timestamp":"2015-06-25T15:19:41.745Z"}
{"group":3,"level":"info","message":"choose the group","timestamp":"2015-06-25T15:23:08.405Z"}
{"location":4,"player":1,"group":3,"aguflag":false,"level":"info","message":"choose the location","timestamp":"2015-06-25T15:23:28.320Z"}
{"location":4,"player":2,"group":3,"aguflag":false,"level":"info","message":"choose the location","timestamp":"2015-06-25T15:23:28.515Z"}
{"location":4,"player":3,"group":3,"aguflag":false,"level":"info","message":"choose the location","timestamp":"2015-06-25T15:23:28.714Z"}
{"id":"note_3_4_3_1","content":"Very well sunshine","location":4,"player":3,"notes":1,"level":"info","message":"add note","timestamp":"2015-06-25T15:23:49.022Z"}
{"location":4,"player":1,"group":3,"aguflag":false,"level":"info","message":"choose the location","timestamp":"2015-06-25T15:23:51.851Z"}
{"id":"note_3_4_2_1","content":"Enough sunshine","location":4,"player":2,"notes":1,"level":"info","message":"add note","timestamp":"2015-06-25T15:24:02.174Z"}
{"id":"note_3_4_3_2","content":"Mild wind","location":4,"player":3,"notes":2,"level":"info","message":"add note","timestamp":"2015-06-25T15:24:09.558Z"}
{"location":3,"player":1,"group":3,"aguflag":false,"level":"info","message":"choose the location","timestamp":"2015-06-25T15:24:12.500Z"}
{"id":"note_3_4_2_2","content":"Well living condition","location":4,"player":2,"notes":2,"level":"info","message":"add note","timestamp":"2015-06-25T15:24:16.708Z"}
{"location":2,"player":1,"group":3,"aguflag":false,"level":"info","message":"choose the location","timestamp":"2015-06-25T15:24:17.582Z"}
{"location":1,"player":1,"group":3,"aguflag":false,"level":"info","message":"choose the location","timestamp":"2015-06-25T15:24:25.867Z"}
{"id":"note_3_4_2_3","content":"Low N Value","location":4,"player":2,"notes":3,"level":"info","message":"add note","timestamp":"2015-06-25T15:24:32.855Z"}
{"location":4,"player":1,"group":3,"aguflag":false,"level":"info","message":"choose the location","timestamp":"2015-06-25T15:24:35.191Z"}
{"location":4,"group":3,"player":2,"value":"5","level":"info","message":"vote for location","timestamp":"2015-06-25T15:24:37.649Z"}
{"location":1,"player":2,"group":3,"aguflag":false,"level":"info","message":"choose the location","timestamp":"2015-06-25T15:24:46.960Z"}
{"id":"note_3_4_1_1","content":"The light is ok","location":4,"player":1,"notes":1,"level":"info","message":"add note","timestamp":"2015-06-25T15:24:46.968Z"}
{"id":"note_3_4_3_3","content":"Well living temperature","location":4,"player":3,"notes":3,"level":"info","message":"add note","timestamp":"2015-06-25T15:25:01.236Z"}
{"id":"note_3_4_3_4","content":"Lowest pollution","location":4,"player":3,"notes":4,"level":"info","message":"add note","timestamp":"2015-06-25T15:25:12.056Z"}
{"id":"note_3_4_1_2","content":"The temperature is ok","location":4,"player":1,"notes":2,"level":"info","message":"add note","timestamp":"2015-06-25T15:25:13.102Z"}
{"location":4,"group":3,"player":1,"value":"4","level":"info","message":"vote for location","timestamp":"2015-06-25T15:25:16.935Z"}
{"id":"note_3_1_2_1","content":"Bad enegy condition","location":1,"player":2,"notes":4,"level":"info","message":"add note","timestamp":"2015-06-25T15:25:17.668Z"}
{"location":4,"group":3,"player":3,"value":"4","level":"info","message":"vote for location","timestamp":"2015-06-25T15:25:17.689Z"}
{"location":1,"player":1,"group":3,"aguflag":false,"level":"info","message":"choose the location","timestamp":"2015-06-25T15:25:23.358Z"}
{"location":1,"player":3,"group":3,"aguflag":false,"level":"info","message":"choose the location","timestamp":"2015-06-25T15:25:24.343Z"}
{"id":"note_3_1_2_2","content":"Living T is too low","location":1,"player":2,"notes":5,"level":"info","message":"add note","timestamp":"2015-06-25T15:25:34.516Z"}
{"location":1,"group":3,"player":2,"value":"2","level":"info","message":"vote for location","timestamp":"2015-06-25T15:25:38.655Z"}
{"location":3,"player":2,"group":3,"aguflag":false,"level":"info","message":"choose the location","timestamp":"2015-06-25T15:25:43.287Z"}
{"id":"note_3_1_3_1","content":"Unsuffient sunshine","location":1,"player":3,"notes":5,"level":"info","message":"add note","timestamp":"2015-06-25T15:26:02.488Z"}
{"id":"note_3_1_3_2","content":"No wind","location":1,"player":3,"notes":6,"level":"info","message":"add note","timestamp":"2015-06-25T15:26:09.271Z"}
{"id":"note_3_3_2_1","content":"Bad energy conditions","location":3,"player":2,"notes":6,"level":"info","message":"add note","timestamp":"2015-06-25T15:26:13.289Z"}
{"id":"note_3_1_1_1","content":"No energy","location":1,"player":1,"notes":3,"level":"info","message":"add note","timestamp":"2015-06-25T15:26:13.891Z"}
{"location":1,"group":3,"player":1,"value":"1","level":"info","message":"vote for location","timestamp":"2015-06-25T15:26:17.168Z"}
{"location":2,"player":1,"group":3,"aguflag":false,"level":"info","message":"choose the location","timestamp":"2015-06-25T15:26:21.902Z"}
{"id":"note_3_3_2_2","content":"Living T is bad","location":3,"player":2,"notes":7,"level":"info","message":"add note","timestamp":"2015-06-25T15:26:29.133Z"}
{"id":"note_3_1_3_3","content":"Living condition is too cold","location":1,"player":3,"notes":7,"level":"info","message":"add note","timestamp":"2015-06-25T15:26:35.966Z"}
{"id":"note_3_2_1_1","content":"The wind is strong ","location":2,"player":1,"notes":4,"level":"info","message":"add note","timestamp":"2015-06-25T15:26:38.865Z"}
{"location":2,"player":2,"group":3,"aguflag":false,"level":"info","message":"choose the location","timestamp":"2015-06-25T15:26:39.859Z"}
{"location":2,"group":3,"player":2,"value":"0","level":"info","message":"vote for location","timestamp":"2015-06-25T15:26:41.769Z"}
{"id":"note_3_1_3_4","content":"No pollution","location":1,"player":3,"notes":8,"level":"info","message":"add note","timestamp":"2015-06-25T15:26:49.056Z"}
{"location":1,"group":3,"player":3,"value":"1","level":"info","message":"vote for location","timestamp":"2015-06-25T15:27:00.105Z"}
{"id":"note_3_2_1_2","content":"The temperature is not ok","location":2,"player":1,"notes":5,"level":"info","message":"add note","timestamp":"2015-06-25T15:27:00.301Z"}
{"location":2,"group":3,"player":1,"value":"3","level":"info","message":"vote for location","timestamp":"2015-06-25T15:27:06.096Z"}
{"id":"note_3_2_2_1","content":"Less energy available","location":2,"player":2,"notes":8,"level":"info","message":"add note","timestamp":"2015-06-25T15:27:22.457Z"}
{"location":3,"player":3,"group":3,"aguflag":false,"level":"info","message":"choose the location","timestamp":"2015-06-25T15:27:26.898Z"}
{"location":1,"player":1,"group":3,"aguflag":false,"level":"info","message":"choose the location","timestamp":"2015-06-25T15:27:31.301Z"}
{"location":3,"player":1,"group":3,"aguflag":false,"level":"info","message":"choose the location","timestamp":"2015-06-25T15:27:39.940Z"}
{"id":"note_3_2_2_2","content":"Living T is not well","location":2,"player":2,"notes":9,"level":"info","message":"add note","timestamp":"2015-06-25T15:27:40.746Z"}
{"id":"note_3_3_3_1","content":"No sunshine","location":3,"player":3,"notes":9,"level":"info","message":"add note","timestamp":"2015-06-25T15:27:56.737Z"}
{"id":"note_3_3_1_1","content":"No energy","location":3,"player":1,"notes":6,"level":"info","message":"add note","timestamp":"2015-06-25T15:27:59.015Z"}
{"id":"note_3_3_3_2","content":"No wind","location":3,"player":3,"notes":10,"level":"info","message":"add note","timestamp":"2015-06-25T15:28:02.018Z"}
{"location":3,"group":3,"player":1,"value":"1","level":"info","message":"vote for location","timestamp":"2015-06-25T15:28:03.876Z"}
{"location":2,"player":1,"group":3,"aguflag":false,"level":"info","message":"choose the location","timestamp":"2015-06-25T15:28:10.822Z"}
{"location":4,"player":1,"group":3,"aguflag":false,"level":"info","message":"choose the location","timestamp":"2015-06-25T15:28:24.837Z"}
{"location":4,"player":3,"group":3,"aguflag":false,"level":"info","message":"choose the location","timestamp":"2015-06-25T15:28:25.676Z"}
{"location":4,"player":2,"group":3,"aguflag":false,"level":"info","message":"choose the location","timestamp":"2015-06-25T15:28:28.747Z"}
{"id":"note_3_4_3_5","content":"A certain pollution","location":4,"player":3,"notes":11,"level":"info","message":"add note","timestamp":"2015-06-25T15:28:30.464Z"}
{"location":1,"player":2,"group":3,"aguflag":false,"level":"info","message":"choose the location","timestamp":"2015-06-25T15:28:33.590Z"}
{"location":3,"player":2,"group":3,"aguflag":false,"level":"info","message":"choose the location","timestamp":"2015-06-25T15:28:37.922Z"}
{"location":2,"player":3,"group":3,"aguflag":false,"level":"info","message":"choose the location","timestamp":"2015-06-25T15:28:44.896Z"}
{"location":3,"group":3,"player":2,"value":"2","level":"info","message":"vote for location","timestamp":"2015-06-25T15:29:04.233Z"}
{"id":"note_3_2_3_1","content":"Unsufficient sunshine","location":2,"player":3,"notes":12,"level":"info","message":"add note","timestamp":"2015-06-25T15:29:13.078Z"}
{"id":"note_3_2_3_2","content":"Stronger wind","location":2,"player":3,"notes":13,"level":"info","message":"add note","timestamp":"2015-06-25T15:29:23.347Z"}
{"id":"note_3_2_3_3","content":"Lower pollution","location":2,"player":3,"notes":14,"level":"info","message":"add note","timestamp":"2015-06-25T15:29:36.565Z"}
{"id":"note_3_2_3_4","content":"Best view","location":2,"player":3,"notes":15,"level":"info","message":"add note","timestamp":"2015-06-25T15:29:48.229Z"}
{"location":2,"group":3,"player":3,"value":"3","level":"info","message":"vote for location","timestamp":"2015-06-25T15:29:52.960Z"}
{"location":3,"player":3,"group":3,"aguflag":false,"level":"info","message":"choose the location","timestamp":"2015-06-25T15:30:01.618Z"}
{"location":1,"player":3,"group":3,"aguflag":false,"level":"info","message":"choose the location","timestamp":"2015-06-25T15:30:05.309Z"}
{"location":3,"player":3,"group":3,"aguflag":false,"level":"info","message":"choose the location","timestamp":"2015-06-25T15:30:10.657Z"}
{"location":3,"group":3,"player":3,"value":"1","level":"info","message":"vote for location","timestamp":"2015-06-25T15:30:21.000Z"}
{"location":4,"level":"info","message":"confirm the location","timestamp":"2015-06-25T15:30:40.981Z"}
{"location":4,"player":1,"group":3,"level":"info","message":"choose the location","timestamp":"2015-06-25T15:30:41.000Z"}
{"location":4,"player":2,"group":3,"level":"info","message":"choose the location","timestamp":"2015-06-25T15:30:41.001Z"}
{"location":4,"player":3,"group":3,"level":"info","message":"choose the location","timestamp":"2015-06-25T15:30:41.003Z"}
{"id":"agu_3_4_2_1","content":"Enough sunshine apply well energy. mild wind, well living temperture and low value of N is suitable for ant living","location":4,"player":2,"level":"info","message":"add arguments","timestamp":"2015-06-25T15:33:56.229Z"}
{"group":1,"level":"info","message":"choose the group","timestamp":"2015-11-09T10:52:58.057Z"}
{"group":1,"level":"info","message":"choose the group","timestamp":"2015-11-09T10:57:21.193Z"}
{"group":1,"level":"info","message":"choose the group","timestamp":"2015-11-09T10:57:50.076Z"}
{"group":1,"level":"info","message":"choose the group","timestamp":"2015-11-09T14:39:57.407Z"}
{"group":1,"level":"info","message":"choose the group","timestamp":"2015-11-09T15:45:53.774Z"}
{"group":1,"level":"info","message":"choose the group","timestamp":"2015-11-09T15:48:21.800Z"}
{"group":1,"level":"info","message":"choose the group","timestamp":"2015-11-09T15:48:46.492Z"}
{"group":1,"level":"info","message":"choose the group","timestamp":"2015-11-09T15:49:15.709Z"}
{"group":1,"level":"info","message":"choose the group","timestamp":"2015-11-09T15:50:31.748Z"}
{"group":1,"level":"info","message":"choose the group","timestamp":"2015-11-09T15:51:04.350Z"}
{"group":1,"level":"info","message":"choose the group","timestamp":"2015-11-09T15:51:34.429Z"}
{"group":1,"level":"info","message":"choose the group","timestamp":"2015-11-09T15:54:55.432Z"}
{"group":1,"level":"info","message":"choose the group","timestamp":"2015-11-09T15:55:25.934Z"}
{"group":1,"level":"info","message":"choose the group","timestamp":"2015-11-09T15:59:38.726Z"}
{"group":1,"level":"info","message":"choose the group","timestamp":"2015-11-09T16:02:28.923Z"}
{"group":1,"level":"info","message":"choose the group","timestamp":"2015-11-09T16:02:53.097Z"}
{"group":1,"level":"info","message":"choose the group","timestamp":"2015-11-09T16:22:15.170Z"}
{"group":1,"level":"info","message":"choose the group","timestamp":"2015-11-09T16:23:02.351Z"}
{"group":1,"level":"info","message":"choose the group","timestamp":"2015-11-10T10:27:52.441Z"}
{"group":1,"level":"info","message":"choose the group","timestamp":"2015-11-10T10:47:36.446Z"}
{"group":1,"level":"info","message":"choose the group","timestamp":"2015-11-10T10:48:05.536Z"}
{"group":1,"level":"info","message":"choose the group","timestamp":"2015-11-10T10:52:47.062Z"}
{"group":1,"level":"info","message":"choose the group","timestamp":"2015-11-10T10:53:14.442Z"}
{"group":1,"level":"info","message":"choose the group","timestamp":"2015-11-10T14:06:16.254Z"}
{"group":1,"level":"info","message":"choose the group","timestamp":"2015-11-11T14:15:04.184Z"}
{"group":1,"level":"info","message":"choose the group","timestamp":"2015-11-11T14:15:22.071Z"}
{"group":1,"level":"info","message":"choose the group","timestamp":"2015-11-11T14:15:45.936Z"}
{"group":1,"level":"info","message":"choose the group","timestamp":"2015-11-11T14:16:37.444Z"}
{"group":1,"level":"info","message":"choose the group","timestamp":"2015-11-11T14:19:18.236Z"}
{"group":1,"level":"info","message":"choose the group","timestamp":"2015-11-11T14:23:08.258Z"}
{"group":1,"level":"info","message":"choose the group","timestamp":"2015-11-11T14:29:09.769Z"}
{"location":4,"player":3,"group":1,"aguflag":false,"level":"info","message":"choose the location","timestamp":"2015-11-11T14:29:15.662Z"}
{"location":4,"player":2,"group":1,"aguflag":false,"level":"info","message":"choose the location","timestamp":"2015-11-11T14:29:16.741Z"}
{"location":4,"player":1,"group":1,"aguflag":false,"level":"info","message":"choose the location","timestamp":"2015-11-11T14:29:17.535Z"}
{"location":4,"player":2,"group":1,"aguflag":false,"level":"info","message":"choose the location","timestamp":"2015-11-11T14:29:18.735Z"}
{"location":1,"player":3,"group":1,"aguflag":false,"level":"info","message":"choose the location","timestamp":"2015-11-11T14:29:20.942Z"}
{"location":4,"player":1,"group":1,"aguflag":false,"level":"info","message":"choose the location","timestamp":"2015-11-11T14:29:25.245Z"}
{"location":4,"player":2,"group":1,"aguflag":false,"level":"info","message":"choose the location","timestamp":"2015-11-11T14:29:29.155Z"}
{"group":1,"level":"info","message":"choose the group","timestamp":"2015-11-11T14:30:23.868Z"}
{"group":1,"level":"info","message":"choose the group","timestamp":"2015-11-12T15:53:18.196Z"}
{"group":1,"level":"info","message":"choose the group","timestamp":"2015-11-12T15:54:37.461Z"}
{"group":1,"level":"info","message":"choose the group","timestamp":"2015-11-12T15:59:31.312Z"}
{"group":1,"level":"info","message":"choose the group","timestamp":"2015-11-12T15:59:50.597Z"}
{"group":1,"level":"info","message":"choose the group","timestamp":"2015-11-12T16:24:22.679Z"}
{"group":1,"level":"info","message":"choose the group","timestamp":"2015-11-12T16:25:54.036Z"}
{"group":1,"level":"info","message":"choose the group","timestamp":"2015-11-12T16:26:52.369Z"}
{"group":1,"level":"info","message":"choose the group","timestamp":"2015-11-12T16:27:16.412Z"}
{"group":1,"level":"info","message":"choose the group","timestamp":"2015-11-12T16:28:21.386Z"}
{"group":1,"level":"info","message":"choose the group","timestamp":"2015-11-12T16:29:08.213Z"}
{"group":1,"level":"info","message":"choose the group","timestamp":"2015-11-12T16:30:52.090Z"}
{"group":1,"level":"info","message":"choose the group","timestamp":"2015-11-12T16:31:37.534Z"}
{"group":1,"level":"info","message":"choose the group","timestamp":"2015-11-12T16:31:52.226Z"}
{"group":1,"level":"info","message":"choose the group","timestamp":"2015-11-12T16:32:29.579Z"}
{"group":1,"level":"info","message":"choose the group","timestamp":"2015-11-12T16:34:33.403Z"}
{"group":1,"level":"info","message":"choose the group","timestamp":"2015-11-12T16:37:04.982Z"}
{"group":1,"level":"info","message":"choose the group","timestamp":"2015-11-12T16:37:18.412Z"}
{"group":1,"level":"info","message":"choose the group","timestamp":"2015-11-12T16:38:37.964Z"}
{"group":1,"level":"info","message":"choose the group","timestamp":"2015-11-12T16:41:47.836Z"}
{"group":1,"level":"info","message":"choose the group","timestamp":"2015-11-12T16:42:32.384Z"}
{"group":1,"level":"info","message":"choose the group","timestamp":"2015-11-12T16:43:09.863Z"}
{"group":1,"level":"info","message":"choose the group","timestamp":"2015-11-12T16:44:07.697Z"}
{"group":1,"level":"info","message":"choose the group","timestamp":"2015-11-12T16:45:41.344Z"}
{"group":1,"level":"info","message":"choose the group","timestamp":"2015-11-12T16:46:40.547Z"}
{"group":1,"level":"info","message":"choose the group","timestamp":"2015-11-12T16:47:21.390Z"}
{"group":1,"level":"info","message":"choose the group","timestamp":"2015-11-12T16:48:57.468Z"}
{"group":1,"level":"info","message":"choose the group","timestamp":"2015-11-12T16:49:39.684Z"}
{"group":1,"level":"info","message":"choose the group","timestamp":"2015-11-12T16:50:30.873Z"}
{"group":1,"level":"info","message":"choose the group","timestamp":"2015-11-12T16:51:33.866Z"}
{"location":4,"player":3,"group":1,"aguflag":false,"level":"info","message":"choose the location","timestamp":"2015-11-12T16:51:41.041Z"}
{"location":4,"player":2,"group":1,"aguflag":false,"level":"info","message":"choose the location","timestamp":"2015-11-12T16:51:41.981Z"}
{"location":4,"player":1,"group":1,"aguflag":false,"level":"info","message":"choose the location","timestamp":"2015-11-12T16:51:42.912Z"}
{"location":1,"player":1,"group":1,"aguflag":false,"level":"info","message":"choose the location","timestamp":"2015-11-12T16:52:04.980Z"}
{"location":1,"player":2,"group":1,"aguflag":false,"level":"info","message":"choose the location","timestamp":"2015-11-12T16:52:05.328Z"}
{"location":1,"player":3,"group":1,"aguflag":false,"level":"info","message":"choose the location","timestamp":"2015-11-12T16:52:05.704Z"}
{"group":1,"level":"info","message":"choose the group","timestamp":"2015-11-12T16:52:35.348Z"}
{"location":4,"player":1,"group":1,"aguflag":false,"level":"info","message":"choose the location","timestamp":"2015-11-12T16:52:39.526Z"}
{"location":4,"player":2,"group":1,"aguflag":false,"level":"info","message":"choose the location","timestamp":"2015-11-12T16:52:40.098Z"}
{"location":4,"player":3,"group":1,"aguflag":false,"level":"info","message":"choose the location","timestamp":"2015-11-12T16:52:41.425Z"}
{"group":1,"level":"info","message":"choose the group","timestamp":"2015-11-12T16:57:55.255Z"}
{"group":1,"level":"info","message":"choose the group","timestamp":"2015-11-12T21:59:06.982Z"}
{"group":1,"level":"info","message":"choose the group","timestamp":"2015-11-12T22:13:33.573Z"}
{"group":4,"level":"info","message":"choose the group","timestamp":"2015-11-12T22:23:59.019Z"}
{"group":6,"level":"info","message":"choose the group","timestamp":"2015-11-12T22:32:16.301Z"}
{"group":6,"level":"info","message":"choose the group","timestamp":"2015-11-12T22:34:07.704Z"}
{"group":6,"level":"info","message":"choose the group","timestamp":"2015-11-13T14:24:10.673Z"}
{"group":6,"level":"info","message":"choose the group","timestamp":"2015-11-13T14:44:01.116Z"}
{"group":6,"level":"info","message":"choose the group","timestamp":"2015-11-13T14:44:46.604Z"}
{"group":6,"level":"info","message":"choose the group","timestamp":"2015-11-13T14:45:38.221Z"}
{"group":6,"level":"info","message":"choose the group","timestamp":"2015-11-13T14:46:44.274Z"}
{"group":6,"level":"info","message":"choose the group","timestamp":"2015-11-13T14:47:47.308Z"}
{"group":6,"level":"info","message":"choose the group","timestamp":"2015-11-13T14:54:23.625Z"}
{"group":6,"level":"info","message":"choose the group","timestamp":"2015-11-13T14:59:31.400Z"}
{"group":6,"level":"info","message":"choose the group","timestamp":"2015-11-13T15:04:28.411Z"}
{"group":6,"level":"info","message":"choose the group","timestamp":"2015-11-13T15:04:51.454Z"}
{"group":6,"level":"info","message":"choose the group","timestamp":"2015-11-13T15:06:58.594Z"}
{"group":6,"level":"info","message":"choose the group","timestamp":"2015-11-13T15:09:51.138Z"}
{"group":6,"level":"info","message":"choose the group","timestamp":"2015-11-13T15:10:28.843Z"}
{"group":6,"level":"info","message":"choose the group","timestamp":"2015-11-13T15:12:56.491Z"}
{"group":6,"level":"info","message":"choose the group","timestamp":"2015-11-13T15:13:52.035Z"}
{"group":6,"level":"info","message":"choose the group","timestamp":"2015-11-13T15:20:41.780Z"}
{"group":6,"level":"info","message":"choose the group","timestamp":"2015-11-13T15:21:06.553Z"}
{"group":6,"level":"info","message":"choose the group","timestamp":"2015-11-13T15:21:14.281Z"}
{"group":6,"level":"info","message":"choose the group","timestamp":"2015-11-13T15:21:33.698Z"}
{"group":6,"level":"info","message":"choose the group","timestamp":"2015-11-13T15:27:35.654Z"}
{"group":6,"level":"info","message":"choose the group","timestamp":"2015-11-13T15:40:23.804Z"}
{"location":4,"level":"info","message":"confirm the location","timestamp":"2015-11-13T15:40:38.867Z"}
{"location":4,"player":1,"group":6,"level":"info","message":"choose the location","timestamp":"2015-11-13T15:40:38.891Z"}
{"location":4,"player":2,"group":6,"level":"info","message":"choose the location","timestamp":"2015-11-13T15:40:38.894Z"}
{"location":4,"player":3,"group":6,"level":"info","message":"choose the location","timestamp":"2015-11-13T15:40:38.895Z"}
{"location":3,"player":1,"group":6,"aguflag":true,"level":"info","message":"choose the location","timestamp":"2015-11-13T15:41:44.703Z"}
{"location":3,"player":2,"group":6,"aguflag":true,"level":"info","message":"choose the location","timestamp":"2015-11-13T15:41:45.618Z"}
{"location":3,"player":3,"group":6,"aguflag":true,"level":"info","message":"choose the location","timestamp":"2015-11-13T15:41:46.209Z"}
{"location":4,"player":1,"group":6,"aguflag":true,"level":"info","message":"choose the location","timestamp":"2015-11-13T15:41:50.511Z"}
{"location":4,"player":2,"group":6,"aguflag":true,"level":"info","message":"choose the location","timestamp":"2015-11-13T15:41:51.428Z"}
{"location":4,"player":3,"group":6,"aguflag":true,"level":"info","message":"choose the location","timestamp":"2015-11-13T15:41:51.881Z"}
{"location":4,"player":1,"group":6,"aguflag":true,"level":"info","message":"choose the location","timestamp":"2015-11-13T15:43:02.903Z"}
{"location":4,"player":2,"group":6,"aguflag":true,"level":"info","message":"choose the location","timestamp":"2015-11-13T15:43:04.996Z"}
{"group":6,"level":"info","message":"choose the group","timestamp":"2015-11-13T15:45:59.121Z"}
{"location":4,"player":1,"group":6,"aguflag":false,"level":"info","message":"choose the location","timestamp":"2015-11-13T15:46:03.582Z"}
{"location":3,"player":2,"group":6,"aguflag":false,"level":"info","message":"choose the location","timestamp":"2015-11-13T15:46:06.410Z"}
{"location":4,"player":3,"group":6,"aguflag":false,"level":"info","message":"choose the location","timestamp":"2015-11-13T15:46:08.560Z"}
{"location":4,"player":2,"group":6,"aguflag":false,"level":"info","message":"choose the location","timestamp":"2015-11-13T15:46:15.035Z"}
{"location":2,"player":3,"group":6,"aguflag":false,"level":"info","message":"choose the location","timestamp":"2015-11-13T15:46:16.816Z"}
{"location":4,"player":3,"group":6,"aguflag":false,"level":"info","message":"choose the location","timestamp":"2015-11-13T15:46:19.856Z"}
{"location":3,"player":3,"group":6,"aguflag":false,"level":"info","message":"choose the location","timestamp":"2015-11-13T15:46:23.237Z"}
{"group":6,"level":"info","message":"choose the group","timestamp":"2015-11-13T15:49:20.698Z"}
{"location":4,"player":3,"group":6,"aguflag":false,"level":"info","message":"choose the location","timestamp":"2015-11-13T15:49:22.906Z"}
{"group":6,"level":"info","message":"choose the group","timestamp":"2015-11-13T15:49:42.105Z"}
{"group":6,"level":"info","message":"choose the group","timestamp":"2015-11-13T15:52:13.069Z"}
{"group":6,"level":"info","message":"choose the group","timestamp":"2015-11-13T15:52:21.504Z"}
{"group":6,"level":"info","message":"choose the group","timestamp":"2015-11-13T15:53:45.740Z"}
{"group":6,"level":"info","message":"choose the group","timestamp":"2015-11-13T15:54:21.559Z"}
{"group":6,"level":"info","message":"choose the group","timestamp":"2015-11-13T15:54:35.437Z"}
{"location":4,"player":3,"group":6,"aguflag":false,"level":"info","message":"choose the location","timestamp":"2015-11-13T15:54:44.495Z"}
{"group":6,"level":"info","message":"choose the group","timestamp":"2015-11-13T15:55:05.172Z"}
{"group":6,"level":"info","message":"choose the group","timestamp":"2015-11-13T15:55:57.328Z"}
{"group":6,"level":"info","message":"choose the group","timestamp":"2015-11-13T15:57:30.149Z"}
{"group":6,"level":"info","message":"choose the group","timestamp":"2015-11-13T15:57:55.548Z"}
{"group":6,"level":"info","message":"choose the group","timestamp":"2015-11-13T15:58:18.230Z"}
{"group":6,"level":"info","message":"choose the group","timestamp":"2015-11-13T15:58:41.087Z"}
{"group":6,"level":"info","message":"choose the group","timestamp":"2015-11-13T15:59:05.261Z"}
{"group":6,"level":"info","message":"choose the group","timestamp":"2015-11-13T15:59:35.174Z"}
{"group":6,"level":"info","message":"choose the group","timestamp":"2015-11-13T16:00:00.196Z"}
{"location":2,"player":1,"group":6,"aguflag":false,"level":"info","message":"choose the location","timestamp":"2015-11-13T16:00:30.955Z"}
{"location":4,"player":3,"group":6,"aguflag":false,"level":"info","message":"choose the location","timestamp":"2015-11-13T16:00:35.915Z"}
{"location":4,"player":2,"group":6,"aguflag":false,"level":"info","message":"choose the location","timestamp":"2015-11-13T16:00:37.156Z"}
{"location":2,"player":2,"group":6,"aguflag":false,"level":"info","message":"choose the location","timestamp":"2015-11-13T16:00:38.602Z"}
{"location":1,"player":1,"group":6,"aguflag":false,"level":"info","message":"choose the location","timestamp":"2015-11-13T16:03:20.363Z"}
{"group":6,"level":"info","message":"choose the group","timestamp":"2015-11-13T16:05:38.551Z"}
{"location":2,"player":1,"group":6,"aguflag":false,"level":"info","message":"choose the location","timestamp":"2015-11-13T16:05:51.740Z"}
{"location":4,"player":1,"group":6,"aguflag":false,"level":"info","message":"choose the location","timestamp":"2015-11-13T16:05:53.197Z"}
{"location":2,"player":3,"group":6,"aguflag":false,"level":"info","message":"choose the location","timestamp":"2015-11-13T16:05:54.655Z"}
{"group":6,"level":"info","message":"choose the group","timestamp":"2015-11-13T16:06:21.821Z"}
{"group":6,"level":"info","message":"choose the group","timestamp":"2015-11-13T16:06:35.898Z"}
{"group":6,"level":"info","message":"choose the group","timestamp":"2015-11-13T16:08:40.872Z"}
{"group":6,"level":"info","message":"choose the group","timestamp":"2015-11-13T16:09:05.654Z"}
{"group":6,"level":"info","message":"choose the group","timestamp":"2015-11-13T16:10:02.500Z"}
{"group":6,"level":"info","message":"choose the group","timestamp":"2015-11-13T16:10:20.458Z"}
{"group":6,"level":"info","message":"choose the group","timestamp":"2015-11-13T16:11:05.640Z"}
{"group":6,"level":"info","message":"choose the group","timestamp":"2015-11-13T16:11:32.298Z"}
{"group":6,"level":"info","message":"choose the group","timestamp":"2015-11-13T16:12:10.258Z"}
{"location":4,"level":"info","message":"confirm the location","timestamp":"2015-11-13T16:13:16.239Z"}
{"location":4,"player":1,"group":6,"level":"info","message":"choose the location","timestamp":"2015-11-13T16:13:16.266Z"}
{"location":4,"player":2,"group":6,"level":"info","message":"choose the location","timestamp":"2015-11-13T16:13:16.268Z"}
{"location":4,"player":3,"group":6,"level":"info","message":"choose the location","timestamp":"2015-11-13T16:13:16.269Z"}
{"location":4,"player":1,"group":6,"aguflag":true,"level":"info","message":"choose the location","timestamp":"2015-11-13T16:13:20.806Z"}
{"location":4,"player":2,"group":6,"aguflag":true,"level":"info","message":"choose the location","timestamp":"2015-11-13T16:13:23.816Z"}
{"location":4,"player":3,"group":6,"aguflag":true,"level":"info","message":"choose the location","timestamp":"2015-11-13T16:13:24.542Z"}
{"group":6,"level":"info","message":"choose the group","timestamp":"2015-11-13T16:13:33.904Z"}
{"location":3,"player":1,"group":6,"aguflag":false,"level":"info","message":"choose the location","timestamp":"2015-11-13T16:36:38.414Z"}
{"group":6,"level":"info","message":"choose the group","timestamp":"2015-11-13T16:38:30.255Z"}
{"location":4,"player":1,"group":6,"aguflag":false,"level":"info","message":"choose the location","timestamp":"2015-11-13T16:38:34.943Z"}
{"location":3,"player":1,"group":6,"aguflag":false,"level":"info","message":"choose the location","timestamp":"2015-11-13T16:38:44.388Z"}
{"location":4,"player":1,"group":6,"aguflag":false,"level":"info","message":"choose the location","timestamp":"2015-11-13T16:38:46.185Z"}
{"location":3,"player":1,"group":6,"aguflag":false,"level":"info","message":"choose the location","timestamp":"2015-11-13T16:38:49.368Z"}
{"location":2,"player":1,"group":6,"aguflag":false,"level":"info","message":"choose the location","timestamp":"2015-11-13T16:38:52.459Z"}
{"location":2,"player":2,"group":6,"aguflag":false,"level":"info","message":"choose the location","timestamp":"2015-11-13T16:38:53.436Z"}
{"location":4,"player":1,"group":6,"aguflag":false,"level":"info","message":"choose the location","timestamp":"2015-11-13T16:40:58.506Z"}
{"group":6,"level":"info","message":"choose the group","timestamp":"2015-11-13T16:47:14.689Z"}
{"group":6,"level":"info","message":"choose the group","timestamp":"2015-11-13T16:49:09.081Z"}
{"group":6,"level":"info","message":"choose the group","timestamp":"2015-11-13T16:50:33.213Z"}
{"location":4,"level":"info","message":"confirm the location","timestamp":"2015-11-13T16:52:36.816Z"}
{"location":4,"player":1,"group":6,"level":"info","message":"choose the location","timestamp":"2015-11-13T16:52:39.743Z"}
{"location":4,"player":2,"group":6,"level":"info","message":"choose the location","timestamp":"2015-11-13T16:52:39.744Z"}
{"location":4,"player":3,"group":6,"level":"info","message":"choose the location","timestamp":"2015-11-13T16:52:39.745Z"}
{"group":6,"level":"info","message":"choose the group","timestamp":"2015-11-13T16:52:46.493Z"}
{"group":6,"level":"info","message":"choose the group","timestamp":"2015-11-13T16:55:13.959Z"}
{"group":6,"level":"info","message":"choose the group","timestamp":"2015-11-13T16:56:06.470Z"}
{"group":6,"level":"info","message":"choose the group","timestamp":"2015-11-13T16:57:28.001Z"}
{"group":6,"level":"info","message":"choose the group","timestamp":"2015-11-13T16:58:51.083Z"}
{"group":6,"level":"info","message":"choose the group","timestamp":"2015-11-13T16:59:23.732Z"}
{"location":4,"level":"info","message":"confirm the location","timestamp":"2015-11-13T16:59:35.771Z"}
{"location":4,"player":1,"group":6,"level":"info","message":"choose the location","timestamp":"2015-11-13T16:59:37.990Z"}
{"location":4,"player":2,"group":6,"level":"info","message":"choose the location","timestamp":"2015-11-13T16:59:37.994Z"}
{"location":4,"player":3,"group":6,"level":"info","message":"choose the location","timestamp":"2015-11-13T16:59:37.994Z"}
{"group":6,"level":"info","message":"choose the group","timestamp":"2015-11-13T17:00:24.854Z"}
{"location":4,"level":"info","message":"confirm the location","timestamp":"2015-11-13T17:00:33.038Z"}
{"group":6,"level":"info","message":"choose the group","timestamp":"2015-11-13T17:02:55.008Z"}
{"location":4,"level":"info","message":"confirm the location","timestamp":"2015-11-13T17:03:02.031Z"}
{"location":4,"player":1,"group":6,"level":"info","message":"choose the location","timestamp":"2015-11-13T17:03:03.914Z"}
{"location":4,"player":2,"group":6,"level":"info","message":"choose the location","timestamp":"2015-11-13T17:03:03.916Z"}
{"location":4,"player":3,"group":6,"level":"info","message":"choose the location","timestamp":"2015-11-13T17:03:03.917Z"}
