{"group":1,"cri":{"name":"add","id":"cri1/0.6437867302063398"},"player":1,"level":"info","message":"add a criteria","timestamp":"2016-04-20T16:05:28.879Z"}
{"group":1,"cri":{"name":"add","id":"cri1/0.5703528282562087"},"player":1,"level":"info","message":"add a criteria","timestamp":"2016-04-20T16:16:49.966Z"}
{"level":"info","message":"agree with criteria","timestamp":"2016-04-20T16:16:49.969Z"}
{"level":"info","message":"agree with criteria","timestamp":"2016-04-20T16:16:49.971Z"}
{"level":"info","message":"agree with criteria","timestamp":"2016-04-20T16:17:07.867Z"}
{"level":"info","message":"agree with criteria","timestamp":"2016-04-20T16:17:09.019Z"}
{"level":"info","message":"agree with criteria","timestamp":"2016-04-20T16:17:30.167Z"}
{"group":1,"cri":{"name":"add","id":"cri1/0.8436986381196414"},"player":1,"level":"info","message":"add a criteria","timestamp":"2016-04-20T16:18:43.150Z"}
{"level":"info","message":"agree with criteria","timestamp":"2016-04-20T16:18:49.260Z"}
{"level":"info","message":"agree with criteria","timestamp":"2016-04-20T16:18:52.388Z"}
{"group":1,"cri":{"name":"e","id":"cri1/0.4258099553733068"},"player":1,"level":"info","message":"add a criteria","timestamp":"2016-04-20T16:20:35.077Z"}
{"1":1,"level":"info","message":"agree with criteria","timestamp":"2016-04-20T16:20:39.945Z"}
{"1":1,"level":"info","message":"agree with criteria","timestamp":"2016-04-20T16:20:44.788Z"}
{"group":1,"cri":{"name":"add","id":"cri1/0.04445607675490737"},"player":1,"level":"info","message":"add a criteria","timestamp":"2016-04-20T16:23:58.287Z"}
{"group":1,"playeramount":"3","level":"info","message":"agree with criteria","timestamp":"2016-04-20T16:24:09.061Z"}
{"group":1,"playeramount":"3","level":"info","message":"agree with criteria","timestamp":"2016-04-20T16:24:20.512Z"}
{"group":1,"cri":{"name":"add","id":"cri1/0.7099807821410205"},"player":1,"level":"info","message":"add a criteria","timestamp":"2016-04-20T16:25:27.282Z"}
{"group":1,"playeramount":"3","level":"info","message":"agree with criteria","timestamp":"2016-04-20T16:25:30.388Z"}
{"group":1,"playeramount":"3","level":"info","message":"agree with criteria","timestamp":"2016-04-20T16:25:35.468Z"}
{"group":1,"cri":{"name":"add","id":"cri1/0.6264729008215917"},"player":1,"level":"info","message":"add a criteria","timestamp":"2016-04-20T16:26:14.803Z"}
{"group":1,"playeramount":"3","level":"info","message":"agree with criteria","timestamp":"2016-04-20T16:26:17.666Z"}
{"group":1,"playeramount":"3","level":"info","message":"agree with criteria","timestamp":"2016-04-20T16:26:21.088Z"}
{"group":1,"cri":{"name":"add","id":"cri1/0.4956364979798933"},"player":1,"level":"info","message":"add a criteria","timestamp":"2016-04-20T16:27:42.826Z"}
{"group":1,"playeramount":"3","level":"info","message":"agree with criteria","timestamp":"2016-04-20T16:27:45.845Z"}
{"group":1,"playeramount":"3","level":"info","message":"agree with criteria","timestamp":"2016-04-20T16:27:48.125Z"}
{"group":1,"cri":{"name":"add","id":"cri2/0.6468340733386535"},"player":2,"level":"info","message":"add a criteria","timestamp":"2016-04-20T16:30:01.600Z"}
{"group":1,"playeramount":"3","level":"info","message":"agree with criteria","timestamp":"2016-04-20T16:30:03.268Z"}
{"group":1,"playeramount":"3","level":"info","message":"agree with criteria","timestamp":"2016-04-20T16:30:07.310Z"}
{"group":1,"criid":"cri1/0.4607557581871551","player":1,"level":"info","message":"add a criteria","timestamp":"2016-04-21T08:38:58.284Z"}
{"group":1,"playeramount":"3","level":"info","message":"agree with criteria","timestamp":"2016-04-21T08:39:09.642Z"}
{"group":1,"playeramount":"3","level":"info","message":"agree with criteria","timestamp":"2016-04-21T08:39:15.639Z"}
{"group":1,"cri":{"name":"sunlight","id":"cri1/0.9733898983570421"},"player":1,"level":"info","message":"add a criteria","timestamp":"2016-04-21T08:40:10.921Z"}
{"group":1,"playeramount":"3","level":"info","message":"agree with criteria","timestamp":"2016-04-21T08:40:16.564Z"}
{"group":1,"playeramount":"3","level":"info","message":"agree with criteria","timestamp":"2016-04-21T08:40:19.201Z"}
{"group":1,"cri":{"name":"wind","id":"cri2/0.5995873571577104"},"player":2,"level":"info","message":"add a criteria","timestamp":"2016-04-21T08:40:42.291Z"}
{"group":1,"playeramount":"3","level":"info","message":"agree with criteria","timestamp":"2016-04-21T08:40:46.137Z"}
{"group":1,"playeramount":"3","level":"info","message":"agree with criteria","timestamp":"2016-04-21T08:40:52.729Z"}
{"group":1,"cri":{"name":"wind speed","id":"cri1/0.4120890109161741"},"player":1,"level":"info","message":"add a criteria","timestamp":"2016-04-21T08:40:58.835Z"}
{"group":1,"playeramount":"3","level":"info","message":"agree with criteria","timestamp":"2016-04-21T08:41:03.537Z"}
{"group":1,"cri":{"name":"g","id":"cri1/0.8638869470322381"},"player":1,"level":"info","message":"add a criteria","timestamp":"2016-04-21T08:41:08.578Z"}
{"group":1,"playeramount":"3","level":"info","message":"agree with criteria","timestamp":"2016-04-21T08:41:11.309Z"}
{"group":1,"cri":{"name":"geqd","id":"cri2/0.07784554970332347"},"player":2,"level":"info","message":"add a criteria","timestamp":"2016-04-21T08:41:19.696Z"}
{"group":1,"playeramount":"3","level":"info","message":"agree with criteria","timestamp":"2016-04-21T08:41:34.904Z"}
{"group":1,"playeramount":"3","level":"info","message":"agree with criteria","timestamp":"2016-04-21T08:41:37.543Z"}
{"group":1,"id":"cri2/0.07784554970332347","level":"info","message":"delete a criteria","timestamp":"2016-04-21T08:41:40.936Z"}
{"group":1,"cri":{"name":"sunlight","id":"cri1/0.4244552040903886"},"player":1,"level":"info","message":"add a criteria","timestamp":"2016-04-21T08:45:41.219Z"}
{"group":1,"playeramount":"3","level":"info","message":"agree with criteria","timestamp":"2016-04-21T08:45:43.607Z"}
{"group":1,"playeramount":"3","level":"info","message":"agree with criteria","timestamp":"2016-04-21T08:45:46.766Z"}
{"group":1,"id":"cri1/0.4244552040903886","player":1,"level":"info","message":"delete a criteria","timestamp":"2016-04-21T08:45:51.221Z"}
{"group":1,"cri":{"name":"wed","id":"cri1/0.06651418142025145"},"player":1,"level":"info","message":"add a criteria","timestamp":"2016-04-21T08:45:56.012Z"}
{"group":1,"playeramount":"3","level":"info","message":"agree with criteria","timestamp":"2016-04-21T08:45:58.036Z"}
{"group":1,"playeramount":"3","level":"info","message":"agree with criteria","timestamp":"2016-04-21T08:46:00.092Z"}
{"group":1,"cri":{"name":"ged","id":"cri1/0.23093597066824878"},"player":1,"level":"info","message":"add a criteria","timestamp":"2016-04-21T08:46:27.920Z"}
{"group":1,"playeramount":"3","level":"info","message":"agree with criteria","timestamp":"2016-04-21T08:46:29.984Z"}
{"group":1,"playeramount":"3","level":"info","message":"agree with criteria","timestamp":"2016-04-21T08:46:31.568Z"}
{"group":1,"cri":{"name":"e","id":"cri3/0.3948314400632513"},"player":3,"level":"info","message":"add a criteria","timestamp":"2016-04-21T08:46:34.010Z"}
{"group":1,"playeramount":"3","level":"info","message":"agree with criteria","timestamp":"2016-04-21T08:46:36.124Z"}
{"group":1,"playeramount":"3","level":"info","message":"agree with criteria","timestamp":"2016-04-21T08:46:38.110Z"}
{"group":1,"id":"cri3/0.3948314400632513","player":1,"level":"info","message":"delete a criteria","timestamp":"2016-04-21T08:46:40.051Z"}
{"group":1,"id":"cri1/0.23093597066824878","player":3,"level":"info","message":"delete a criteria","timestamp":"2016-04-21T09:52:07.787Z"}
{"group":1,"id":"cri1/0.06651418142025145","player":1,"level":"info","message":"delete a criteria","timestamp":"2016-04-21T10:03:56.912Z"}
{"group":3,"cri":{"name":"e","id":"cri1/0.08734034094530019"},"player":1,"level":"info","message":"add a criteria","timestamp":"2016-04-27T14:06:30.612Z"}
{"group":3,"playeramount":"2","level":"info","message":"agree with criteria","timestamp":"2016-04-27T14:06:37.910Z"}
{"group":3,"cri":{"name":"test","id":"cri2/0.37826447771516025"},"player":2,"level":"info","message":"add a criteria","timestamp":"2016-04-27T14:11:28.700Z"}
{"group":3,"playeramount":"2","cri":{"name":"test","id":"cri2/0.37826447771516025"},"level":"info","message":"agree with criteria","timestamp":"2016-04-27T14:11:31.423Z"}
{"group":3,"cri":{"name":"e","id":"cri1/0.6895974106132414"},"player":1,"level":"info","message":"add a criteria","timestamp":"2016-04-27T14:13:20.647Z"}
{"group":3,"playeramount":"2","cri":{"name":"e","id":"cri1/0.6895974106132414"},"level":"info","message":"agree with criteria","timestamp":"2016-04-27T14:13:22.663Z"}
{"group":3,"id":"cri1/0.6895974106132414","player":1,"level":"info","message":"delete a criteria","timestamp":"2016-04-27T14:13:43.543Z"}
{"group":3,"id":"cri2/0.37826447771516025","player":1,"level":"info","message":"delete a criteria","timestamp":"2016-04-27T14:14:11.909Z"}
{"group":3,"cri":{"name":"add","id":"cri2/0.34102836141873394"},"player":2,"level":"info","message":"add a criteria","timestamp":"2016-04-27T14:14:50.316Z"}
{"group":3,"playeramount":"2","cri":{"name":"add","id":"cri2/0.34102836141873394"},"level":"info","message":"agree with criteria","timestamp":"2016-04-27T14:14:52.596Z"}
{"group":3,"id":"cri2/0.34102836141873394","player":2,"level":"info","message":"delete a criteria","timestamp":"2016-04-27T14:15:33.058Z"}
{"group":3,"cri":{"name":"sunlight","id":"cri1/0.43277177189359506"},"player":1,"level":"info","message":"add a criteria","timestamp":"2016-04-27T14:15:41.870Z"}
{"group":3,"cri":{"name":"sunlight","id":"cri2/0.41996967250434514"},"player":2,"level":"info","message":"add a criteria","timestamp":"2016-04-27T14:15:52.960Z"}
{"group":3,"playeramount":"2","cri":{"name":"sunlight","id":"cri2/0.41996967250434514"},"level":"info","message":"agree with criteria","timestamp":"2016-04-27T14:15:56.485Z"}
{"location":3,"player":1,"group":1,"vote":[null,null,null,null,null,null],"level":"info","message":"check the location","timestamp":"2016-05-24T13:20:09.403Z"}
{"player":1,"group":1,"location":3,"notes":[{"player":1,"location":3,"content":"e","id":"1/0.056663826779770776"}],"level":"info","message":"add local note","timestamp":"2016-05-24T13:20:16.545Z"}
{"player":1,"group":1,"notes":[{"player":1,"content":"ge","id":"1/0.39052671973372766"}],"level":"info","message":"add common note","timestamp":"2016-05-24T13:20:21.969Z"}
{"player":1,"group":1,"notes":[{"player":1,"content":"ge","id":"1/0.39052671973372766"},{"player":1,"content":"g","id":"1/0.9642525086980807"}],"level":"info","message":"add common note","timestamp":"2016-05-24T13:20:37.166Z"}
{"player":1,"group":1,"notes":[{"player":1,"content":"ge","id":"1/0.39052671973372766"},{"player":1,"content":"g","id":"1/0.9642525086980807"},{"player":1,"content":"get","id":"1/0.010698295073725772"}],"level":"info","message":"add common note","timestamp":"2016-05-24T13:21:47.397Z"}
{"player":1,"group":1,"notes":[{"player":1,"content":"ge","id":"1/0.39052671973372766"},{"player":1,"content":"g","id":"1/0.9642525086980807"},{"player":1,"content":"get","id":"1/0.010698295073725772"},{"player":1,"content":"e","id":"1/0.6109592434013091"}],"level":"info","message":"add common note","timestamp":"2016-05-24T13:22:01.407Z"}
{"player":1,"group":1,"notes":[{"player":1,"content":"ge","id":"1/0.39052671973372766"},{"player":1,"content":"g","id":"1/0.9642525086980807"},{"player":1,"content":"get","id":"1/0.010698295073725772"},{"player":1,"content":"e","id":"1/0.6109592434013091"},{"player":1,"content":"a","id":"1/0.5330873698330412"}],"level":"info","message":"add common note","timestamp":"2016-05-24T13:23:24.744Z"}
{"player":1,"group":1,"notes":[{"player":1,"content":"ge","id":"1/0.39052671973372766"},{"player":1,"content":"g","id":"1/0.9642525086980807"},{"player":1,"content":"get","id":"1/0.010698295073725772"},{"player":1,"content":"e","id":"1/0.6109592434013091"},{"player":1,"content":"a","id":"1/0.5330873698330412"},{"player":1,"content":"g","id":"1/0.2562561058045103"}],"level":"info","message":"add common note","timestamp":"2016-05-24T13:24:29.831Z"}
{"player":1,"group":1,"notes":[{"player":1,"content":"g","id":"1/0.9642525086980807"},{"player":1,"content":"get","id":"1/0.010698295073725772"},{"player":1,"content":"e","id":"1/0.6109592434013091"},{"player":1,"content":"a","id":"1/0.5330873698330412"},{"player":1,"content":"g","id":"1/0.2562561058045103"}],"level":"info","message":"delete common note","timestamp":"2016-05-24T13:24:36.006Z"}
{"player":1,"group":1,"notes":[{"player":1,"content":"get","id":"1/0.010698295073725772"},{"player":1,"content":"e","id":"1/0.6109592434013091"},{"player":1,"content":"a","id":"1/0.5330873698330412"},{"player":1,"content":"g","id":"1/0.2562561058045103"}],"level":"info","message":"delete common note","timestamp":"2016-05-24T13:24:37.260Z"}
{"player":1,"group":1,"notes":[{"player":1,"content":"e","id":"1/0.6109592434013091"},{"player":1,"content":"a","id":"1/0.5330873698330412"},{"player":1,"content":"g","id":"1/0.2562561058045103"}],"level":"info","message":"delete common note","timestamp":"2016-05-24T13:24:37.859Z"}
{"player":1,"group":1,"notes":[{"player":1,"content":"a","id":"1/0.5330873698330412"},{"player":1,"content":"g","id":"1/0.2562561058045103"}],"level":"info","message":"delete common note","timestamp":"2016-05-24T13:24:38.267Z"}
{"player":1,"group":1,"notes":[{"player":1,"content":"g","id":"1/0.2562561058045103"}],"level":"info","message":"delete common note","timestamp":"2016-05-24T13:24:38.839Z"}
{"player":1,"group":1,"notes":[],"level":"info","message":"delete common note","timestamp":"2016-05-24T13:24:39.265Z"}
{"player":1,"group":1,"notes":[{"player":1,"content":"yuesh","id":"1/0.7488482504996681"}],"level":"info","message":"add common note","timestamp":"2016-05-24T13:24:43.478Z"}
{"player":2,"group":2,"notes":[{"player":2,"content":"hello","id":"2/0.20787908058383842"}],"level":"info","message":"add common note","timestamp":"2016-05-24T13:25:01.684Z"}
{"player":2,"group":2,"notes":[],"level":"info","message":"delete common note","timestamp":"2016-05-24T13:25:15.977Z"}
{"player":2,"group":2,"notes":[{"player":2,"content":"把永远爱你写进诗的结尾","id":"2/0.7723513434107512"}],"level":"info","message":"add common note","timestamp":"2016-05-24T13:25:38.815Z"}
{"player":1,"group":1,"notes":[{"player":1,"content":"yuesh","id":"1/0.7488482504996681"},{"player":1,"content":"你是我唯一想要的了解","id":"1/0.9683739574590657"}],"level":"info","message":"add common note","timestamp":"2016-05-24T13:25:56.366Z"}
{"player":1,"group":1,"notes":[{"player":1,"content":"你是我唯一想要的了解","id":"1/0.9683739574590657"}],"level":"info","message":"delete common note","timestamp":"2016-05-24T13:26:11.656Z"}
{"player":1,"group":1,"location":3,"notes":[{"player":1,"location":3,"content":"e","id":"1/0.056663826779770776"},{"player":1,"location":3,"content":"g","id":"1/0.6444191560826564"}],"level":"info","message":"add local note","timestamp":"2016-05-24T13:45:36.382Z"}
{"player":1,"group":1,"notes":[{"player":1,"content":"你是我唯一想要的了解","id":"1/0.9683739574590657"},{"player":1,"content":"e","id":"1/0.2190926087141043"}],"level":"info","message":"add common note","timestamp":"2016-05-24T13:45:43.032Z"}
{"player":1,"group":1,"location":3,"notes":[{"player":1,"location":3,"content":"e","id":"1/0.056663826779770776"},{"player":1,"location":3,"content":"g","id":"1/0.6444191560826564"},{"player":1,"location":3,"content":"ag","id":"1/0.502664315491866"}],"level":"info","message":"add local note","timestamp":"2016-05-24T13:45:47.702Z"}
{"player":1,"group":1,"notes":[{"player":1,"content":"你是我唯一想要的了解","id":"1/0.9683739574590657"},{"player":1,"content":"e","id":"1/0.2190926087141043"},{"player":1,"content":"g","id":"1/0.2763868379700003"}],"level":"info","message":"add common note","timestamp":"2016-05-24T13:46:04.015Z"}
{"player":1,"group":1,"notes":[{"player":1,"content":"你是我唯一想要的了解","id":"1/0.9683739574590657"},{"player":1,"content":"g","id":"1/0.2763868379700003"}],"level":"info","message":"delete common note","timestamp":"2016-05-24T13:46:05.485Z"}
{"player":1,"group":1,"location":3,"notes":[{"player":1,"location":3,"content":"e","id":"1/0.056663826779770776"},{"player":1,"location":3,"content":"g","id":"1/0.6444191560826564"},{"player":1,"location":3,"content":"ag","id":"1/0.502664315491866"},{"player":1,"location":3,"content":"e","id":"1/0.4013556425313256"}],"level":"info","message":"add local note","timestamp":"2016-05-24T13:46:07.542Z"}
{"player":1,"group":1,"location":3,"notes":[{"player":1,"location":3,"content":"e","id":"1/0.056663826779770776"},{"player":1,"location":3,"content":"ag","id":"1/0.502664315491866"},{"player":1,"location":3,"content":"e","id":"1/0.4013556425313256"}],"level":"info","message":"delete local note","timestamp":"2016-05-24T13:46:08.776Z"}
{"player":1,"group":1,"location":3,"notes":[{"player":1,"location":3,"content":"e","id":"1/0.056663826779770776"},{"player":1,"location":3,"content":"ag","id":"1/0.502664315491866"},{"player":1,"location":3,"content":"e","id":"1/0.4013556425313256"},{"player":1,"location":3,"content":"e","id":"1/0.46582570941742896"}],"level":"info","message":"add local note","timestamp":"2016-05-24T13:46:53.612Z"}
{"player":1,"group":1,"notes":[{"player":1,"content":"你是我唯一想要的了解","id":"1/0.9683739574590657"},{"player":1,"content":"g","id":"1/0.2763868379700003"},{"player":1,"content":"g","id":"1/0.8680533944199413"}],"level":"info","message":"add common note","timestamp":"2016-05-24T13:46:55.429Z"}
{"player":1,"group":1,"location":3,"notes":[{"player":1,"location":3,"content":"e","id":"1/0.056663826779770776"},{"player":1,"location":3,"content":"ag","id":"1/0.502664315491866"},{"player":1,"location":3,"content":"e","id":"1/0.4013556425313256"},{"player":1,"location":3,"content":"e","id":"1/0.46582570941742896"},{"player":1,"location":3,"content":"e","id":"1/0.6474989815001697"}],"level":"info","message":"add local note","timestamp":"2016-05-24T13:46:57.641Z"}
{"player":1,"group":1,"location":3,"notes":[{"player":1,"location":3,"content":"ag","id":"1/0.502664315491866"},{"player":1,"location":3,"content":"e","id":"1/0.4013556425313256"},{"player":1,"location":3,"content":"e","id":"1/0.46582570941742896"},{"player":1,"location":3,"content":"e","id":"1/0.6474989815001697"}],"level":"info","message":"delete local note","timestamp":"2016-05-24T13:46:58.958Z"}
{"player":1,"group":1,"location":3,"notes":[{"player":1,"location":3,"content":"e","id":"1/0.4013556425313256"},{"player":1,"location":3,"content":"e","id":"1/0.46582570941742896"},{"player":1,"location":3,"content":"e","id":"1/0.6474989815001697"}],"level":"info","message":"delete local note","timestamp":"2016-05-24T13:46:59.352Z"}
{"player":1,"group":1,"location":3,"notes":[{"player":1,"location":3,"content":"e","id":"1/0.46582570941742896"},{"player":1,"location":3,"content":"e","id":"1/0.6474989815001697"}],"level":"info","message":"delete local note","timestamp":"2016-05-24T13:46:59.689Z"}
{"player":1,"group":1,"location":3,"notes":[{"player":1,"location":3,"content":"e","id":"1/0.6474989815001697"}],"level":"info","message":"delete local note","timestamp":"2016-05-24T13:46:59.994Z"}
{"player":1,"group":1,"location":3,"notes":[],"level":"info","message":"delete local note","timestamp":"2016-05-24T13:47:00.402Z"}
{"player":1,"group":1,"location":3,"notes":[{"player":1,"location":3,"content":"information of location 1","id":"1/0.4211584857202111"}],"level":"info","message":"add local note","timestamp":"2016-05-24T13:47:06.549Z"}
{"player":1,"group":1,"notes":[{"player":1,"content":"你是我唯一想要的了解","id":"1/0.9683739574590657"},{"player":1,"content":"g","id":"1/0.8680533944199413"}],"level":"info","message":"delete common note","timestamp":"2016-05-24T13:47:09.295Z"}
{"player":1,"group":1,"notes":[{"player":1,"content":"你是我唯一想要的了解","id":"1/0.9683739574590657"}],"level":"info","message":"delete common note","timestamp":"2016-05-24T13:47:09.598Z"}
{"location":3,"player":3,"group":1,"vote":[null,null,null,null,null,null],"level":"info","message":"check the location","timestamp":"2016-05-24T13:47:36.652Z"}
{"player":3,"group":1,"location":3,"notes":[{"player":3,"location":3,"content":"geaqdf","id":"3/0.941130560904343"}],"level":"info","message":"add local note","timestamp":"2016-05-24T13:47:40.222Z"}
{"player":3,"group":1,"notes":[{"player":3,"content":"shiguqngji","id":"3/0.884603810560473"}],"level":"info","message":"add common note","timestamp":"2016-05-24T13:47:48.979Z"}
{"player":3,"group":1,"notes":[],"level":"info","message":"delete common note","timestamp":"2016-05-24T13:47:55.313Z"}
{"player":3,"group":1,"location":3,"notes":[],"level":"info","message":"delete local note","timestamp":"2016-05-24T13:47:56.330Z"}
{"group":1,"location":3,"cri":0,"value":4,"level":"info","message":"evaluate the location on the shared display","timestamp":"2016-05-24T13:57:36.510Z"}
{"group":1,"location":3,"cri":1,"value":4,"level":"info","message":"evaluate the location on the shared display","timestamp":"2016-05-24T13:57:40.916Z"}
{"group":1,"location":3,"cri":1,"value":3,"level":"info","message":"evaluate the location on the shared display","timestamp":"2016-05-24T13:57:41.947Z"}
{"group":1,"location":3,"cri":1,"value":2,"level":"info","message":"evaluate the location on the shared display","timestamp":"2016-05-24T13:57:42.810Z"}
{"group":1,"location":3,"cri":0,"value":3,"level":"info","message":"evaluate the location on the shared display","timestamp":"2016-05-24T13:59:02.453Z"}
{"group":1,"location":3,"cri":1,"value":5,"level":"info","message":"evaluate the location on the shared display","timestamp":"2016-05-24T14:00:29.489Z"}
{"group":1,"location":3,"cri":0,"value":4,"level":"info","message":"evaluate the location on the shared display","timestamp":"2016-05-24T15:48:41.410Z"}
{"group":1,"location":3,"cri":0,"value":3,"level":"info","message":"evaluate the location on the shared display","timestamp":"2016-05-24T15:55:09.033Z"}
{"group":1,"location":3,"cri":0,"value":5,"level":"info","message":"evaluate the location on the shared display","timestamp":"2016-05-24T15:56:27.591Z"}
{"group":1,"location":3,"cri":0,"value":5,"level":"info","message":"evaluate the location on the shared display","timestamp":"2016-05-24T15:57:57.892Z"}
{"group":1,"location":3,"cri":0,"value":5,"level":"info","message":"evaluate the location on the shared display","timestamp":"2016-05-24T15:57:57.901Z"}
{"group":1,"location":3,"cri":1,"value":3,"level":"info","message":"evaluate the location on the shared display","timestamp":"2016-05-24T15:58:12.118Z"}
{"group":1,"location":3,"cri":0,"value":5,"level":"info","message":"evaluate the location on the shared display","timestamp":"2016-05-24T15:58:13.399Z"}
{"group":1,"location":3,"cri":0,"value":5,"level":"info","message":"evaluate the location on the shared display","timestamp":"2016-05-24T15:58:14.309Z"}
{"group":1,"location":3,"cri":0,"value":1,"level":"info","message":"evaluate the location on the shared display","timestamp":"2016-05-24T15:59:42.061Z"}
{"group":1,"location":3,"cri":0,"value":5,"level":"info","message":"evaluate the location on the shared display","timestamp":"2016-05-24T15:59:43.757Z"}
{"group":1,"location":3,"cri":0,"value":3,"level":"info","message":"evaluate the location on the shared display","timestamp":"2016-05-24T16:01:08.916Z"}
{"group":1,"location":3,"cri":1,"value":5,"level":"info","message":"evaluate the location on the shared display","timestamp":"2016-05-24T16:01:11.542Z"}
{"group":1,"location":3,"cri":0,"value":5,"level":"info","message":"evaluate the location on the shared display","timestamp":"2016-05-24T17:17:38.382Z"}
{"group":1,"location":3,"cri":0,"value":4,"level":"info","message":"evaluate the location on the shared display","timestamp":"2016-05-24T17:20:47.371Z"}
{"group":1,"location":3,"cri":0,"value":5,"level":"info","message":"evaluate the location on the shared display","timestamp":"2016-05-24T17:21:52.273Z"}
{"group":1,"location":3,"cri":0,"value":5,"level":"info","message":"evaluate the location on the shared display","timestamp":"2016-05-24T17:22:53.687Z"}
{"group":1,"location":3,"cri":0,"value":5,"level":"info","message":"evaluate the location on the shared display","timestamp":"2016-05-24T17:23:32.869Z"}
{"group":1,"location":3,"cri":0,"value":5,"level":"info","message":"evaluate the location on the shared display","timestamp":"2016-05-24T17:25:20.907Z"}
{"group":1,"location":3,"cri":0,"value":5,"level":"info","message":"evaluate the location on the shared display","timestamp":"2016-05-24T17:28:20.070Z"}
{"group":1,"location":3,"cri":0,"value":5,"level":"info","message":"evaluate the location on the shared display","timestamp":"2016-05-24T17:29:04.914Z"}
{"group":1,"location":3,"cri":0,"value":4,"level":"info","message":"evaluate the location on the shared display","timestamp":"2016-05-24T17:29:14.168Z"}
{"group":1,"location":3,"cri":2,"value":2,"level":"info","message":"evaluate the location on the shared display","timestamp":"2016-05-24T17:29:43.549Z"}
{"group":1,"location":3,"cri":2,"value":4,"level":"info","message":"evaluate the location on the shared display","timestamp":"2016-05-24T17:29:48.788Z"}
{"group":1,"location":3,"cri":0,"value":5,"level":"info","message":"evaluate the location on the shared display","timestamp":"2016-05-24T17:29:49.606Z"}
{"group":1,"location":3,"cri":1,"value":3,"level":"info","message":"evaluate the location on the shared display","timestamp":"2016-05-24T17:29:52.634Z"}
{"group":1,"location":3,"cri":3,"value":5,"level":"info","message":"evaluate the location on the shared display","timestamp":"2016-05-24T17:29:55.190Z"}
{"group":1,"location":3,"cri":5,"value":5,"level":"info","message":"evaluate the location on the shared display","timestamp":"2016-05-24T17:30:00.321Z"}
{"group":1,"location":3,"cri":5,"value":5,"level":"info","message":"evaluate the location on the shared display","timestamp":"2016-05-24T17:30:00.425Z"}
{"group":1,"location":3,"cri":5,"value":2,"level":"info","message":"evaluate the location on the shared display","timestamp":"2016-05-24T17:30:01.138Z"}
{"location":4,"player":1,"group":1,"vote":[null,null,null,null],"level":"info","message":"check the location","timestamp":"2016-05-25T08:47:18.094Z"}
{"group":1,"location":4,"cri":0,"player":1,"newvote":false,"value":4,"level":"info","message":"evaluate the location","timestamp":"2016-05-25T08:47:29.855Z"}
{"group":1,"location":4,"cri":1,"player":1,"newvote":false,"value":4,"level":"info","message":"evaluate the location","timestamp":"2016-05-25T08:49:38.149Z"}
{"group":1,"location":4,"cri":0,"player":1,"newvote":false,"value":2,"level":"info","message":"evaluate the location","timestamp":"2016-05-25T08:49:47.647Z"}
{"group":1,"location":4,"cri":2,"player":1,"newvote":false,"value":1,"level":"info","message":"evaluate the location","timestamp":"2016-05-25T08:49:48.960Z"}
{"group":1,"location":4,"cri":3,"player":1,"newvote":true,"value":5,"level":"info","message":"evaluate the location","timestamp":"2016-05-25T08:49:56.039Z"}
{"group":1,"location":4,"cri":2,"player":1,"newvote":false,"value":5,"level":"info","message":"evaluate the location","timestamp":"2016-05-25T08:50:06.020Z"}
{"group":1,"location":4,"cri":1,"player":1,"newvote":false,"value":3,"level":"info","message":"evaluate the location","timestamp":"2016-05-25T08:50:07.993Z"}
{"group":1,"location":4,"cri":0,"player":1,"newvote":false,"value":5,"level":"info","message":"evaluate the location","timestamp":"2016-05-25T08:50:09.021Z"}
{"location":1,"player":1,"group":1,"vote":[null,null,null,null],"level":"info","message":"check the location","timestamp":"2016-05-25T08:50:18.456Z"}
{"group":1,"location":1,"cri":1,"player":1,"newvote":false,"value":3,"level":"info","message":"evaluate the location","timestamp":"2016-05-25T08:50:21.712Z"}
{"group":1,"location":1,"cri":0,"player":1,"newvote":false,"value":5,"level":"info","message":"evaluate the location","timestamp":"2016-05-25T08:50:23.365Z"}
{"group":1,"location":1,"cri":2,"player":1,"newvote":false,"value":1,"level":"info","message":"evaluate the location","timestamp":"2016-05-25T08:50:27.283Z"}
{"group":1,"location":1,"cri":3,"player":1,"newvote":true,"value":5,"level":"info","message":"evaluate the location","timestamp":"2016-05-25T08:50:28.334Z"}
{"location":2,"player":3,"group":1,"vote":[null,null,null,null],"level":"info","message":"check the location","timestamp":"2016-05-25T08:51:01.447Z"}
{"group":1,"location":2,"cri":0,"player":3,"newvote":false,"value":3,"level":"info","message":"evaluate the location","timestamp":"2016-05-25T08:51:03.645Z"}
{"group":1,"location":2,"cri":1,"player":3,"newvote":false,"value":2,"level":"info","message":"evaluate the location","timestamp":"2016-05-25T08:51:09.771Z"}
{"group":1,"location":2,"cri":0,"player":3,"newvote":false,"value":4,"level":"info","message":"evaluate the location","timestamp":"2016-05-25T08:51:58.602Z"}
{"group":1,"location":2,"cri":0,"player":3,"newvote":false,"value":3,"level":"info","message":"evaluate the location","timestamp":"2016-05-25T08:53:44.939Z"}
{"group":1,"location":2,"cri":1,"player":3,"newvote":false,"value":5,"level":"info","message":"evaluate the location","timestamp":"2016-05-25T08:53:46.497Z"}
{"group":1,"location":2,"cri":3,"player":3,"newvote":false,"value":1,"level":"info","message":"evaluate the location","timestamp":"2016-05-25T08:53:47.678Z"}
{"group":1,"location":2,"cri":2,"player":3,"newvote":true,"value":4,"level":"info","message":"evaluate the location","timestamp":"2016-05-25T08:53:48.753Z"}
{"group":1,"location":1,"cri":2,"player":1,"newvote":false,"value":5,"level":"info","message":"evaluate the location","timestamp":"2016-05-25T08:53:53.539Z"}
{"group":1,"location":1,"cri":2,"player":1,"newvote":false,"value":2,"level":"info","message":"evaluate the location","timestamp":"2016-05-25T08:53:55.239Z"}
{"group":1,"location":1,"cri":3,"player":1,"newvote":false,"value":1,"level":"info","message":"evaluate the location","timestamp":"2016-05-25T08:53:56.183Z"}
{"group":1,"location":1,"cri":1,"player":1,"newvote":false,"value":2,"level":"info","message":"evaluate the location","timestamp":"2016-05-25T08:53:56.986Z"}
{"group":1,"location":1,"cri":0,"player":1,"newvote":false,"value":2,"level":"info","message":"evaluate the location","timestamp":"2016-05-25T08:53:57.674Z"}
{"player":1,"group":1,"location":1,"notes":[{"player":1,"location":1,"content":"e","id":"1/0.919903637031187"}],"level":"info","message":"add local note","timestamp":"2016-05-25T08:54:43.051Z"}
{"player":1,"group":1,"notes":[{"player":1,"content":"g","id":"1/0.809653156634011"}],"level":"info","message":"add common note","timestamp":"2016-05-25T08:54:48.045Z"}
{"group":1,"location":1,"cri":0,"player":1,"newvote":false,"value":4,"level":"info","message":"evaluate the location","timestamp":"2016-05-25T09:05:51.235Z"}
{"group":1,"location":1,"cri":1,"player":1,"newvote":false,"value":5,"level":"info","message":"evaluate the location","timestamp":"2016-05-25T09:05:52.595Z"}
{"group":1,"location":1,"cri":2,"player":1,"newvote":false,"value":2,"level":"info","message":"evaluate the location","timestamp":"2016-05-25T09:05:53.332Z"}
{"group":1,"location":1,"cri":2,"player":1,"newvote":false,"value":4,"level":"info","message":"evaluate the location","timestamp":"2016-05-25T09:05:54.100Z"}
{"group":1,"location":1,"cri":3,"player":1,"newvote":false,"value":5,"level":"info","message":"evaluate the location","timestamp":"2016-05-25T09:05:54.756Z"}
{"player":1,"group":1,"location":1,"notes":[{"player":1,"location":1,"content":"e","id":"1/0.919903637031187"},{"player":1,"location":1,"content":"e","id":"1/0.9071445961114333"}],"level":"info","message":"add local note","timestamp":"2016-05-25T09:44:22.023Z"}
{"location":2,"player":1,"group":1,"vote":[null,null,null,null],"level":"info","message":"check the location","timestamp":"2016-05-25T09:44:29.273Z"}
{"player":1,"group":1,"location":2,"notes":[{"player":1,"location":1,"content":"e","id":"1/0.919903637031187"},{"player":1,"location":1,"content":"e","id":"1/0.9071445961114333"},{"player":1,"location":2,"content":"g\"","id":"1/0.04797584517056208"}],"level":"info","message":"add local note","timestamp":"2016-05-25T09:44:33.140Z"}
{"player":3,"group":1,"location":2,"notes":[{"player":3,"location":2,"content":"ga","id":"3/0.34995427721845873"}],"level":"info","message":"add local note","timestamp":"2016-05-25T09:44:40.799Z"}
{"player":3,"group":1,"notes":[{"player":3,"content":"dd","id":"3/0.07654887193281823"}],"level":"info","message":"add common note","timestamp":"2016-05-25T09:44:46.513Z"}
{"player":3,"group":1,"notes":[{"player":3,"content":"dd","id":"3/0.07654887193281823"},{"player":3,"content":"e","id":"3/0.4669793747020283"}],"level":"info","message":"add common note","timestamp":"2016-05-25T09:46:39.187Z"}
{"player":3,"group":1,"notes":[{"player":3,"content":"dd","id":"3/0.07654887193281823"},{"player":3,"content":"e","id":"3/0.4669793747020283"},{"player":3,"content":"e","id":"3/0.8847156450842757"}],"level":"info","message":"add common note","timestamp":"2016-05-25T09:49:42.413Z"}
{"player":3,"group":1,"location":2,"notes":[{"player":3,"location":2,"content":"ga","id":"3/0.34995427721845873"},{"player":3,"location":2,"content":"e","id":"3/0.3529955766541253"}],"level":"info","message":"add local note","timestamp":"2016-05-25T09:49:50.480Z"}
{"player":3,"group":1,"notes":[{"player":3,"content":"dd","id":"3/0.07654887193281823"},{"player":3,"content":"e","id":"3/0.4669793747020283"},{"player":3,"content":"e","id":"3/0.8847156450842757"},{"player":3,"content":"e","id":"3/0.7148899613201556"}],"level":"info","message":"add common note","timestamp":"2016-05-25T09:53:26.030Z"}
{"player":3,"group":1,"notes":[{"player":3,"content":"dd","id":"3/0.07654887193281823"},{"player":3,"content":"e","id":"3/0.4669793747020283"},{"player":3,"content":"e","id":"3/0.8847156450842757"},{"player":3,"content":"e","id":"3/0.7148899613201556"},{"player":3,"content":"eaera'ear","id":"3/0.8838871894956768"}],"level":"info","message":"add common note","timestamp":"2016-05-25T09:53:55.275Z"}
{"player":3,"group":1,"notes":[{"player":3,"content":"e","id":"3/0.4669793747020283"},{"player":3,"content":"e","id":"3/0.8847156450842757"},{"player":3,"content":"e","id":"3/0.7148899613201556"},{"player":3,"content":"eaera'ear","id":"3/0.8838871894956768"}],"level":"info","message":"delete common note","timestamp":"2016-05-25T09:54:09.423Z"}
{"player":3,"group":1,"location":2,"notes":[{"player":3,"location":2,"content":"ga","id":"3/0.34995427721845873"},{"player":3,"location":2,"content":"e","id":"3/0.3529955766541253"},{"player":3,"location":2,"content":"e","id":"3/0.7648705213330156"}],"level":"info","message":"add local note","timestamp":"2016-05-25T09:54:15.891Z"}
{"player":3,"group":1,"location":2,"notes":[{"player":3,"location":2,"content":"e","id":"3/0.3529955766541253"},{"player":3,"location":2,"content":"e","id":"3/0.7648705213330156"}],"level":"info","message":"delete local note","timestamp":"2016-05-25T09:54:25.787Z"}
{"player":3,"group":1,"location":2,"notes":[{"player":3,"location":2,"content":"e","id":"3/0.7648705213330156"}],"level":"info","message":"delete local note","timestamp":"2016-05-25T09:54:26.229Z"}
{"player":3,"group":1,"location":2,"notes":[],"level":"info","message":"delete local note","timestamp":"2016-05-25T09:54:26.648Z"}
{"player":3,"group":1,"notes":[{"player":3,"content":"e","id":"3/0.8847156450842757"},{"player":3,"content":"e","id":"3/0.7148899613201556"},{"player":3,"content":"eaera'ear","id":"3/0.8838871894956768"}],"level":"info","message":"delete common note","timestamp":"2016-05-25T09:54:28.052Z"}
{"player":3,"group":1,"notes":[{"player":3,"content":"e","id":"3/0.7148899613201556"},{"player":3,"content":"eaera'ear","id":"3/0.8838871894956768"}],"level":"info","message":"delete common note","timestamp":"2016-05-25T09:54:28.477Z"}
{"player":3,"group":1,"notes":[{"player":3,"content":"eaera'ear","id":"3/0.8838871894956768"}],"level":"info","message":"delete common note","timestamp":"2016-05-25T09:54:28.895Z"}
{"player":3,"group":1,"notes":[],"level":"info","message":"delete common note","timestamp":"2016-05-25T09:54:29.351Z"}
{"location":2,"player":1,"group":1,"vote":[null,null,null,null],"level":"info","message":"check the location","timestamp":"2016-05-25T09:57:44.505Z"}
{"location":2,"player":1,"group":1,"vote":[null,null,null,null],"level":"info","message":"check the location","timestamp":"2016-05-25T10:02:02.106Z"}
{"location":2,"player":1,"group":1,"vote":[null,null,null,null],"level":"info","message":"check the location","timestamp":"2016-05-25T10:03:19.571Z"}
{"location":1,"player":1,"group":1,"vote":[4,5,4,5],"level":"info","message":"check the location","timestamp":"2016-05-25T10:03:29.369Z"}
{"location":1,"player":1,"group":1,"vote":[4,5,4,5],"level":"info","message":"check the location","timestamp":"2016-05-25T10:03:30.237Z"}
{"location":3,"player":3,"group":1,"vote":[null,null,null,null],"level":"info","message":"check the location","timestamp":"2016-05-25T10:03:34.955Z"}
{"location":3,"player":2,"group":1,"vote":[null,null,null,null],"level":"info","message":"check the location","timestamp":"2016-05-25T10:03:36.289Z"}
{"location":4,"player":1,"group":1,"vote":[5,3,5,5],"level":"info","message":"check the location","timestamp":"2016-05-25T10:03:46.590Z"}
{"location":4,"player":2,"group":1,"vote":[null,null,null,null],"level":"info","message":"check the location","timestamp":"2016-05-25T10:03:52.542Z"}
{"location":4,"player":3,"group":1,"vote":[null,null,null,null],"level":"info","message":"check the location","timestamp":"2016-05-25T10:03:53.343Z"}
{"location":4,"player":2,"group":1,"vote":[null,null,null,null],"level":"info","message":"check the location","timestamp":"2016-05-25T10:03:55.286Z"}
{"location":4,"player":3,"group":1,"vote":[null,null,null,null],"level":"info","message":"check the location","timestamp":"2016-05-25T10:03:57.522Z"}
{"location":4,"player":3,"group":1,"vote":[null,null,null,null],"level":"info","message":"check the location","timestamp":"2016-05-25T10:03:57.686Z"}
{"location":4,"player":3,"group":1,"vote":[null,null,null,null],"level":"info","message":"check the location","timestamp":"2016-05-25T10:03:57.854Z"}
{"location":4,"player":3,"group":1,"vote":[null,null,null,null],"level":"info","message":"check the location","timestamp":"2016-05-25T10:03:58.013Z"}
{"location":4,"player":3,"group":1,"vote":[null,null,null,null],"level":"info","message":"check the location","timestamp":"2016-05-25T10:03:58.168Z"}
{"location":4,"player":3,"group":1,"vote":[null,null,null,null],"level":"info","message":"check the location","timestamp":"2016-05-25T10:03:58.318Z"}
{"location":4,"player":3,"group":1,"vote":[null,null,null,null],"level":"info","message":"check the location","timestamp":"2016-05-25T10:03:58.463Z"}
{"location":4,"player":3,"group":1,"vote":[null,null,null,null],"level":"info","message":"check the location","timestamp":"2016-05-25T10:03:58.670Z"}
{"location":4,"player":1,"group":1,"vote":[5,3,5,5],"level":"info","message":"check the location","timestamp":"2016-05-25T10:03:59.585Z"}
{"location":1,"player":2,"group":1,"vote":[null,null,null,null],"level":"info","message":"check the location","timestamp":"2016-05-25T10:04:02.128Z"}
{"location":1,"player":1,"group":1,"vote":[4,5,4,5],"level":"info","message":"check the location","timestamp":"2016-05-25T10:04:03.268Z"}
{"location":1,"player":1,"group":1,"vote":[4,5,4,5],"level":"info","message":"check the location","timestamp":"2016-05-25T10:07:15.281Z"}
{"location":1,"player":1,"group":1,"vote":[4,5,4,5],"level":"info","message":"check the location","timestamp":"2016-05-25T10:07:17.708Z"}
{"location":1,"player":1,"group":1,"vote":[4,5,4,5],"level":"info","message":"check the location","timestamp":"2016-05-25T10:07:17.900Z"}
{"location":1,"player":2,"group":1,"vote":[null,null,null,null],"level":"info","message":"check the location","timestamp":"2016-05-25T10:07:19.740Z"}
{"location":1,"player":2,"group":1,"vote":[null,null,null,null],"level":"info","message":"check the location","timestamp":"2016-05-25T10:07:20.362Z"}
{"location":1,"player":3,"group":1,"vote":[null,null,null,null],"level":"info","message":"check the location","timestamp":"2016-05-25T10:07:20.860Z"}
{"location":1,"player":3,"group":1,"vote":[null,null,null,null],"level":"info","message":"check the location","timestamp":"2016-05-25T10:07:21.372Z"}
{"location":1,"player":3,"group":1,"vote":[null,null,null,null],"level":"info","message":"check the location","timestamp":"2016-05-25T10:07:21.710Z"}
{"location":1,"player":3,"group":1,"vote":[null,null,null,null],"level":"info","message":"check the location","timestamp":"2016-05-25T10:07:21.870Z"}
{"location":1,"player":3,"group":1,"vote":[null,null,null,null],"level":"info","message":"check the location","timestamp":"2016-05-25T10:07:22.062Z"}
{"location":4,"player":2,"group":1,"vote":[null,null,null,null],"level":"info","message":"check the location","timestamp":"2016-05-25T10:07:26.176Z"}
{"location":4,"player":3,"group":1,"vote":[null,null,null,null],"level":"info","message":"check the location","timestamp":"2016-05-25T10:07:27.392Z"}
{"group":1,"location":1,"cri":0,"player":1,"newvote":false,"value":5,"level":"info","message":"evaluate the location","timestamp":"2016-05-25T10:07:37.635Z"}
{"group":1,"location":1,"cri":1,"player":1,"newvote":false,"value":2,"level":"info","message":"evaluate the location","timestamp":"2016-05-25T10:07:39.394Z"}
{"group":1,"location":1,"cri":2,"player":1,"newvote":false,"value":5,"level":"info","message":"evaluate the location","timestamp":"2016-05-25T10:07:49.666Z"}
{"group":1,"location":1,"cri":3,"player":1,"newvote":false,"value":2,"level":"info","message":"evaluate the location","timestamp":"2016-05-25T10:07:50.821Z"}
{"group":1,"location":1,"cri":3,"player":1,"newvote":false,"value":4,"level":"info","message":"evaluate the location","timestamp":"2016-05-25T10:07:52.924Z"}
{"group":1,"location":1,"cri":3,"player":1,"newvote":false,"value":5,"level":"info","message":"evaluate the location","timestamp":"2016-05-25T10:07:54.261Z"}
{"player":1,"group":1,"location":1,"notes":[{"player":1,"location":1,"content":"e","id":"1/0.919903637031187"},{"player":1,"location":1,"content":"e","id":"1/0.9071445961114333"},{"player":1,"location":2,"content":"g\"","id":"1/0.04797584517056208"},{"player":1,"location":1,"content":"ffff","id":"1/0.5266505773483472"}],"level":"info","message":"add local note","timestamp":"2016-05-25T10:08:06.124Z"}
